<?xml version="1.0" ?>
<!DOCTYPE coverage SYSTEM "http://cobertura.sourceforge.net/xml/coverage-04.dtd">
<coverage lines-valid="658"  lines-covered="113"  line-rate="0.17170000000000002"  branches-valid="318"  branches-covered="51"  branch-rate="0.1604"  timestamp="1446074190259" complexity="0" version="0.1">
<sources>
	<source>/Users/diogomariano/Work/ctools/cdf/pentaho</source>
</sources>
<packages>
	<package name="cdf-legacy"  line-rate="0.4535"  branch-rate="0.3469" >
	<classes>
		<class name="cdf-base.js"  filename="src/main/javascript/cdf-legacy/cdf-base.js"  line-rate="0.44049999999999995"  branch-rate="0.3469" >
		<methods>
			<method name="(anonymous_1)"  hits="0"  signature="()V" >
				<lines><line number="22"  hits="0" /></lines>
			</method>
			<method name="(anonymous_2)"  hits="1"  signature="()V" >
				<lines><line number="24"  hits="1" /></lines>
			</method>
			<method name="(anonymous_3)"  hits="1"  signature="()V" >
				<lines><line number="34"  hits="1" /></lines>
			</method>
			<method name="(anonymous_4)"  hits="1"  signature="()V" >
				<lines><line number="35"  hits="1" /></lines>
			</method>
			<method name="(anonymous_5)"  hits="5"  signature="()V" >
				<lines><line number="61"  hits="5" /></lines>
			</method>
			<method name="(anonymous_6)"  hits="0"  signature="()V" >
				<lines><line number="63"  hits="0" /></lines>
			</method>
			<method name="(anonymous_7)"  hits="0"  signature="()V" >
				<lines><line number="65"  hits="0" /></lines>
			</method>
			<method name="(anonymous_8)"  hits="4"  signature="()V" >
				<lines><line number="67"  hits="4" /></lines>
			</method>
			<method name="(anonymous_9)"  hits="3"  signature="()V" >
				<lines><line number="69"  hits="3" /></lines>
			</method>
			<method name="(anonymous_10)"  hits="1"  signature="()V" >
				<lines><line number="71"  hits="1" /></lines>
			</method>
			<method name="(anonymous_11)"  hits="0"  signature="()V" >
				<lines><line number="73"  hits="0" /></lines>
			</method>
			<method name="(anonymous_12)"  hits="1"  signature="()V" >
				<lines><line number="75"  hits="1" /></lines>
			</method>
			<method name="(anonymous_13)"  hits="0"  signature="()V" >
				<lines><line number="77"  hits="0" /></lines>
			</method>
			<method name="(anonymous_14)"  hits="1"  signature="()V" >
				<lines><line number="85"  hits="1" /></lines>
			</method>
			<method name="(anonymous_15)"  hits="0"  signature="()V" >
				<lines><line number="87"  hits="0" /></lines>
			</method>
			<method name="(anonymous_16)"  hits="0"  signature="()V" >
				<lines><line number="89"  hits="0" /></lines>
			</method>
			<method name="(anonymous_17)"  hits="0"  signature="()V" >
				<lines><line number="91"  hits="0" /></lines>
			</method>
			<method name="(anonymous_18)"  hits="0"  signature="()V" >
				<lines><line number="93"  hits="0" /></lines>
			</method>
			<method name="(anonymous_19)"  hits="0"  signature="()V" >
				<lines><line number="95"  hits="0" /></lines>
			</method>
			<method name="(anonymous_20)"  hits="0"  signature="()V" >
				<lines><line number="97"  hits="0" /></lines>
			</method>
			<method name="(anonymous_21)"  hits="0"  signature="()V" >
				<lines><line number="99"  hits="0" /></lines>
			</method>
			<method name="(anonymous_22)"  hits="1"  signature="()V" >
				<lines><line number="101"  hits="1" /></lines>
			</method>
			<method name="(anonymous_23)"  hits="0"  signature="()V" >
				<lines><line number="113"  hits="0" /></lines>
			</method>
			<method name="(anonymous_24)"  hits="0"  signature="()V" >
				<lines><line number="123"  hits="0" /></lines>
			</method>
			<method name="(anonymous_25)"  hits="0"  signature="()V" >
				<lines><line number="143"  hits="0" /></lines>
			</method>
			<method name="(anonymous_26)"  hits="0"  signature="()V" >
				<lines><line number="145"  hits="0" /></lines>
			</method>
			<method name="(anonymous_27)"  hits="0"  signature="()V" >
				<lines><line number="147"  hits="0" /></lines>
			</method>
			<method name="(anonymous_28)"  hits="0"  signature="()V" >
				<lines><line number="152"  hits="0" /></lines>
			</method>
			<method name="(anonymous_29)"  hits="1"  signature="()V" >
				<lines><line number="156"  hits="1" /></lines>
			</method>
			<method name="(anonymous_30)"  hits="0"  signature="()V" >
				<lines><line number="165"  hits="0" /></lines>
			</method>
			<method name="(anonymous_31)"  hits="1"  signature="()V" >
				<lines><line number="167"  hits="1" /></lines>
			</method>
			<method name="(anonymous_32)"  hits="0"  signature="()V" >
				<lines><line number="169"  hits="0" /></lines>
			</method>
			<method name="(anonymous_33)"  hits="3"  signature="()V" >
				<lines><line number="171"  hits="3" /></lines>
			</method>
		</methods>
		<lines>
			<line number="14"  hits="1"  branch="false" />
			<line number="15"  hits="1"  branch="false" />
			<line number="17"  hits="1"  branch="true"  condition-coverage="50% (1/2)" />
			<line number="18"  hits="1"  branch="true"  condition-coverage="100% (2/2)" />
			<line number="20"  hits="1"  branch="false" />
			<line number="22"  hits="0"  branch="false" />
			<line number="26"  hits="1"  branch="true"  condition-coverage="50% (1/2)" />
			<line number="27"  hits="1"  branch="true"  condition-coverage="50% (1/2)" />
			<line number="29"  hits="1"  branch="true"  condition-coverage="50% (1/2)" />
			<line number="30"  hits="1"  branch="true"  condition-coverage="50% (1/2)" />
			<line number="32"  hits="1"  branch="false" />
			<line number="35"  hits="1"  branch="false" />
			<line number="36"  hits="1"  branch="true"  condition-coverage="50% (1/2)" />
			<line number="37"  hits="0"  branch="false" />
			<line number="39"  hits="1"  branch="true"  condition-coverage="50% (1/2)" />
			<line number="40"  hits="0"  branch="false" />
			<line number="42"  hits="1"  branch="false" />
			<line number="44"  hits="1"  branch="false" />
			<line number="45"  hits="1"  branch="true"  condition-coverage="50% (1/2)" />
			<line number="46"  hits="0"  branch="false" />
			<line number="48"  hits="1"  branch="true"  condition-coverage="50% (1/2)" />
			<line number="49"  hits="1"  branch="false" />
			<line number="51"  hits="1"  branch="true"  condition-coverage="50% (1/2)" />
			<line number="52"  hits="0"  branch="false" />
			<line number="54"  hits="1"  branch="false" />
			<line number="58"  hits="1"  branch="false" />
			<line number="61"  hits="5"  branch="false" />
			<line number="63"  hits="0"  branch="false" />
			<line number="65"  hits="0"  branch="false" />
			<line number="67"  hits="4"  branch="false" />
			<line number="69"  hits="3"  branch="false" />
			<line number="71"  hits="1"  branch="false" />
			<line number="73"  hits="0"  branch="false" />
			<line number="75"  hits="1"  branch="false" />
			<line number="78"  hits="0"  branch="true"  condition-coverage="0% (0/2)" />
			<line number="79"  hits="0"  branch="false" />
			<line number="81"  hits="0"  branch="false" />
			<line number="85"  hits="1"  branch="false" />
			<line number="87"  hits="0"  branch="false" />
			<line number="89"  hits="0"  branch="false" />
			<line number="91"  hits="0"  branch="false" />
			<line number="93"  hits="0"  branch="false" />
			<line number="95"  hits="0"  branch="false" />
			<line number="97"  hits="0"  branch="false" />
			<line number="99"  hits="0"  branch="false" />
			<line number="102"  hits="1"  branch="true"  condition-coverage="50% (1/2)" />
			<line number="103"  hits="0"  branch="false" />
			<line number="104"  hits="0"  branch="false" />
			<line number="105"  hits="0"  branch="true"  condition-coverage="0% (0/2)" />
			<line number="107"  hits="0"  branch="false" />
			<line number="109"  hits="1"  branch="false" />
			<line number="115"  hits="0"  branch="false" />
			<line number="116"  hits="0"  branch="false" />
			<line number="117"  hits="0"  branch="false" />
			<line number="118"  hits="0"  branch="false" />
			<line number="120"  hits="0"  branch="false" />
			<line number="125"  hits="0"  branch="false" />
			<line number="127"  hits="0"  branch="true"  condition-coverage="0% (0/5)" />
			<line number="128"  hits="0"  branch="false" />
			<line number="130"  hits="0"  branch="true"  condition-coverage="0% (0/2)" />
			<line number="131"  hits="0"  branch="false" />
			<line number="133"  hits="0"  branch="true"  condition-coverage="0% (0/2)" />
			<line number="134"  hits="0"  branch="false" />
			<line number="136"  hits="0"  branch="true"  condition-coverage="0% (0/2)" />
			<line number="137"  hits="0"  branch="false" />
			<line number="140"  hits="0"  branch="false" />
			<line number="143"  hits="0"  branch="false" />
			<line number="145"  hits="0"  branch="false" />
			<line number="148"  hits="0"  branch="true"  condition-coverage="0% (0/2)" />
			<line number="149"  hits="0"  branch="true"  condition-coverage="0% (0/2)" />
			<line number="153"  hits="0"  branch="false" />
			<line number="158"  hits="1"  branch="true"  condition-coverage="75% (3/4)" />
			<line number="159"  hits="0"  branch="false" />
			<line number="161"  hits="1"  branch="false" />
			<line number="165"  hits="0"  branch="false" />
			<line number="167"  hits="1"  branch="false" />
			<line number="169"  hits="0"  branch="false" />
			<line number="172"  hits="3"  branch="false" />
			<line number="173"  hits="3"  branch="false" />
			<line number="174"  hits="3"  branch="false" />
			<line number="176"  hits="3"  branch="true"  condition-coverage="50% (1/2)" />
			<line number="177"  hits="0"  branch="false" />
			<line number="178"  hits="0"  branch="false" />
			<line number="181"  hits="3"  branch="false" />
		</lines>
		</class>
		<class name="testUtils.js"  filename="src/main/javascript/cdf-legacy/testUtils.js"  line-rate="1"  branch-rate="1" >
		<methods>
		</methods>
		<lines>
			<line number="1"  hits="1"  branch="false" />
			<line number="4"  hits="1"  branch="false" />
		</lines>
		</class>
	</classes>
	</package>
	<package name="cdf-legacy.components"  line-rate="0.1294"  branch-rate="0.1264" >
	<classes>
		<class name="Pentaho.Reporting.js"  filename="src/main/javascript/cdf-legacy/components/Pentaho.Reporting.js"  line-rate="0.1294"  branch-rate="0.1264" >
		<methods>
			<method name="(anonymous_1)"  hits="1"  signature="()V" >
				<lines><line number="22"  hits="1" /></lines>
			</method>
			<method name="(anonymous_2)"  hits="1"  signature="()V" >
				<lines><line number="25"  hits="1" /></lines>
			</method>
			<method name="(anonymous_3)"  hits="0"  signature="()V" >
				<lines><line number="28"  hits="0" /></lines>
			</method>
			<method name="(anonymous_4)"  hits="1"  signature="()V" >
				<lines><line number="39"  hits="1" /></lines>
			</method>
			<method name="(anonymous_5)"  hits="0"  signature="()V" >
				<lines><line number="45"  hits="0" /></lines>
			</method>
			<method name="(anonymous_6)"  hits="1"  signature="()V" >
				<lines><line number="52"  hits="1" /></lines>
			</method>
			<method name="(anonymous_7)"  hits="12"  signature="()V" >
				<lines><line number="57"  hits="12" /></lines>
			</method>
			<method name="(anonymous_8)"  hits="0"  signature="()V" >
				<lines><line number="90"  hits="0" /></lines>
			</method>
			<method name="(anonymous_9)"  hits="0"  signature="()V" >
				<lines><line number="101"  hits="0" /></lines>
			</method>
			<method name="(anonymous_10)"  hits="0"  signature="()V" >
				<lines><line number="123"  hits="0" /></lines>
			</method>
			<method name="(anonymous_11)"  hits="0"  signature="()V" >
				<lines><line number="139"  hits="0" /></lines>
			</method>
			<method name="(anonymous_12)"  hits="0"  signature="()V" >
				<lines><line number="143"  hits="0" /></lines>
			</method>
			<method name="(anonymous_13)"  hits="2"  signature="()V" >
				<lines><line number="162"  hits="2" /></lines>
			</method>
			<method name="(anonymous_14)"  hits="10"  signature="()V" >
				<lines><line number="184"  hits="10" /></lines>
			</method>
			<method name="(anonymous_15)"  hits="2"  signature="()V" >
				<lines><line number="191"  hits="2" /></lines>
			</method>
			<method name="(anonymous_16)"  hits="10"  signature="()V" >
				<lines><line number="203"  hits="10" /></lines>
			</method>
			<method name="(anonymous_17)"  hits="20"  signature="()V" >
				<lines><line number="210"  hits="20" /></lines>
			</method>
			<method name="(anonymous_18)"  hits="2"  signature="()V" >
				<lines><line number="238"  hits="2" /></lines>
			</method>
			<method name="(anonymous_19)"  hits="0"  signature="()V" >
				<lines><line number="260"  hits="0" /></lines>
			</method>
			<method name="(anonymous_20)"  hits="0"  signature="()V" >
				<lines><line number="266"  hits="0" /></lines>
			</method>
			<method name="(anonymous_21)"  hits="0"  signature="()V" >
				<lines><line number="274"  hits="0" /></lines>
			</method>
			<method name="(anonymous_22)"  hits="0"  signature="()V" >
				<lines><line number="277"  hits="0" /></lines>
			</method>
			<method name="(anonymous_23)"  hits="0"  signature="()V" >
				<lines><line number="280"  hits="0" /></lines>
			</method>
			<method name="(anonymous_24)"  hits="0"  signature="()V" >
				<lines><line number="283"  hits="0" /></lines>
			</method>
			<method name="(anonymous_25)"  hits="0"  signature="()V" >
				<lines><line number="312"  hits="0" /></lines>
			</method>
			<method name="(anonymous_26)"  hits="0"  signature="()V" >
				<lines><line number="343"  hits="0" /></lines>
			</method>
			<method name="(anonymous_27)"  hits="0"  signature="()V" >
				<lines><line number="360"  hits="0" /></lines>
			</method>
			<method name="(anonymous_28)"  hits="0"  signature="()V" >
				<lines><line number="368"  hits="0" /></lines>
			</method>
			<method name="(anonymous_29)"  hits="0"  signature="()V" >
				<lines><line number="372"  hits="0" /></lines>
			</method>
			<method name="(anonymous_30)"  hits="0"  signature="()V" >
				<lines><line number="374"  hits="0" /></lines>
			</method>
			<method name="(anonymous_31)"  hits="0"  signature="()V" >
				<lines><line number="379"  hits="0" /></lines>
			</method>
			<method name="(anonymous_32)"  hits="0"  signature="()V" >
				<lines><line number="385"  hits="0" /></lines>
			</method>
			<method name="(anonymous_33)"  hits="0"  signature="()V" >
				<lines><line number="390"  hits="0" /></lines>
			</method>
			<method name="(anonymous_34)"  hits="0"  signature="()V" >
				<lines><line number="394"  hits="0" /></lines>
			</method>
			<method name="(anonymous_35)"  hits="0"  signature="()V" >
				<lines><line number="397"  hits="0" /></lines>
			</method>
			<method name="(anonymous_36)"  hits="0"  signature="()V" >
				<lines><line number="411"  hits="0" /></lines>
			</method>
			<method name="(anonymous_37)"  hits="0"  signature="()V" >
				<lines><line number="419"  hits="0" /></lines>
			</method>
			<method name="(anonymous_38)"  hits="0"  signature="()V" >
				<lines><line number="423"  hits="0" /></lines>
			</method>
			<method name="(anonymous_39)"  hits="0"  signature="()V" >
				<lines><line number="435"  hits="0" /></lines>
			</method>
			<method name="(anonymous_40)"  hits="0"  signature="()V" >
				<lines><line number="441"  hits="0" /></lines>
			</method>
			<method name="(anonymous_41)"  hits="0"  signature="()V" >
				<lines><line number="454"  hits="0" /></lines>
			</method>
			<method name="(anonymous_42)"  hits="0"  signature="()V" >
				<lines><line number="463"  hits="0" /></lines>
			</method>
			<method name="(anonymous_43)"  hits="0"  signature="()V" >
				<lines><line number="477"  hits="0" /></lines>
			</method>
			<method name="(anonymous_44)"  hits="0"  signature="()V" >
				<lines><line number="482"  hits="0" /></lines>
			</method>
			<method name="(anonymous_45)"  hits="0"  signature="()V" >
				<lines><line number="508"  hits="0" /></lines>
			</method>
			<method name="(anonymous_46)"  hits="0"  signature="()V" >
				<lines><line number="517"  hits="0" /></lines>
			</method>
			<method name="(anonymous_47)"  hits="0"  signature="()V" >
				<lines><line number="688"  hits="0" /></lines>
			</method>
			<method name="(anonymous_48)"  hits="0"  signature="()V" >
				<lines><line number="698"  hits="0" /></lines>
			</method>
			<method name="(anonymous_49)"  hits="0"  signature="()V" >
				<lines><line number="712"  hits="0" /></lines>
			</method>
			<method name="(anonymous_50)"  hits="0"  signature="()V" >
				<lines><line number="768"  hits="0" /></lines>
			</method>
			<method name="(anonymous_51)"  hits="0"  signature="()V" >
				<lines><line number="897"  hits="0" /></lines>
			</method>
			<method name="(anonymous_52)"  hits="0"  signature="()V" >
				<lines><line number="930"  hits="0" /></lines>
			</method>
			<method name="(anonymous_53)"  hits="0"  signature="()V" >
				<lines><line number="934"  hits="0" /></lines>
			</method>
			<method name="(anonymous_54)"  hits="0"  signature="()V" >
				<lines><line number="950"  hits="0" /></lines>
			</method>
			<method name="(anonymous_55)"  hits="0"  signature="()V" >
				<lines><line number="962"  hits="0" /></lines>
			</method>
			<method name="(anonymous_56)"  hits="0"  signature="()V" >
				<lines><line number="989"  hits="0" /></lines>
			</method>
			<method name="(anonymous_57)"  hits="0"  signature="()V" >
				<lines><line number="1012"  hits="0" /></lines>
			</method>
			<method name="(anonymous_58)"  hits="0"  signature="()V" >
				<lines><line number="1024"  hits="0" /></lines>
			</method>
			<method name="(anonymous_59)"  hits="0"  signature="()V" >
				<lines><line number="1040"  hits="0" /></lines>
			</method>
			<method name="(anonymous_60)"  hits="0"  signature="()V" >
				<lines><line number="1050"  hits="0" /></lines>
			</method>
		</methods>
		<lines>
			<line number="21"  hits="1"  branch="false" />
			<line number="23"  hits="1"  branch="false" />
			<line number="26"  hits="1"  branch="false" />
			<line number="29"  hits="0"  branch="true"  condition-coverage="0% (0/2)" />
			<line number="30"  hits="0"  branch="false" />
			<line number="40"  hits="1"  branch="true"  condition-coverage="50% (1/2)" />
			<line number="41"  hits="1"  branch="false" />
			<line number="42"  hits="1"  branch="false" />
			<line number="46"  hits="0"  branch="true"  condition-coverage="0% (0/2)" />
			<line number="47"  hits="0"  branch="false" />
			<line number="48"  hits="0"  branch="false" />
			<line number="53"  hits="1"  branch="false" />
			<line number="54"  hits="1"  branch="false" />
			<line number="57"  hits="1"  branch="false" />
			<line number="58"  hits="12"  branch="true"  condition-coverage="100% (2/2)" />
			<line number="59"  hits="2"  branch="false" />
			<line number="62"  hits="1"  branch="false" />
			<line number="68"  hits="1"  branch="false" />
			<line number="69"  hits="1"  branch="false" />
			<line number="70"  hits="1"  branch="false" />
			<line number="71"  hits="1"  branch="false" />
			<line number="72"  hits="1"  branch="false" />
			<line number="73"  hits="1"  branch="false" />
			<line number="74"  hits="1"  branch="false" />
			<line number="75"  hits="1"  branch="true"  condition-coverage="50% (1/2)" />
			<line number="76"  hits="1"  branch="true"  condition-coverage="50% (1/2)" />
			<line number="77"  hits="1"  branch="false" />
			<line number="79"  hits="1"  branch="false" />
			<line number="83"  hits="1"  branch="true"  condition-coverage="50% (1/2)" />
			<line number="85"  hits="0"  branch="true"  condition-coverage="0% (0/2)" />
			<line number="86"  hits="0"  branch="false" />
			<line number="88"  hits="0"  branch="true"  condition-coverage="0% (0/2)" />
			<line number="89"  hits="0"  branch="false" />
			<line number="90"  hits="0"  branch="false" />
			<line number="91"  hits="0"  branch="true"  condition-coverage="0% (0/2)" />
			<line number="92"  hits="0"  branch="false" />
			<line number="95"  hits="0"  branch="false" />
			<line number="96"  hits="0"  branch="false" />
			<line number="102"  hits="0"  branch="false" />
			<line number="107"  hits="1"  branch="false" />
			<line number="108"  hits="1"  branch="false" />
			<line number="109"  hits="1"  branch="false" />
			<line number="110"  hits="1"  branch="false" />
			<line number="111"  hits="1"  branch="true"  condition-coverage="50% (1/2)" />
			<line number="114"  hits="0"  branch="true"  condition-coverage="0% (0/2)" />
			<line number="115"  hits="0"  branch="false" />
			<line number="116"  hits="0"  branch="false" />
			<line number="118"  hits="0"  branch="false" />
			<line number="119"  hits="0"  branch="false" />
			<line number="122"  hits="1"  branch="true"  condition-coverage="50% (1/2)" />
			<line number="123"  hits="0"  branch="false" />
			<line number="124"  hits="0"  branch="true"  condition-coverage="0% (0/2)" />
			<line number="125"  hits="0"  branch="false" />
			<line number="128"  hits="0"  branch="false" />
			<line number="129"  hits="0"  branch="false" />
			<line number="131"  hits="1"  branch="false" />
			<line number="132"  hits="1"  branch="false" />
			<line number="133"  hits="1"  branch="true"  condition-coverage="75% (3/4)" />
			<line number="134"  hits="0"  branch="false" />
			<line number="135"  hits="0"  branch="false" />
			<line number="137"  hits="1"  branch="false" />
			<line number="138"  hits="1"  branch="false" />
			<line number="139"  hits="1"  branch="false" />
			<line number="140"  hits="0"  branch="true"  condition-coverage="0% (0/2)" />
			<line number="141"  hits="0"  branch="false" />
			<line number="142"  hits="0"  branch="false" />
			<line number="143"  hits="0"  branch="false" />
			<line number="144"  hits="0"  branch="true"  condition-coverage="0% (0/2)" />
			<line number="145"  hits="0"  branch="false" />
			<line number="149"  hits="0"  branch="false" />
			<line number="151"  hits="1"  branch="false" />
			<line number="153"  hits="1"  branch="true"  condition-coverage="50% (1/2)" />
			<line number="155"  hits="0"  branch="false" />
			<line number="163"  hits="2"  branch="false" />
			<line number="174"  hits="2"  branch="false" />
			<line number="175"  hits="2"  branch="true"  condition-coverage="50% (1/2)" />
			<line number="176"  hits="2"  branch="false" />
			<line number="177"  hits="2"  branch="false" />
			<line number="179"  hits="0"  branch="false" />
			<line number="180"  hits="0"  branch="false" />
			<line number="184"  hits="2"  branch="false" />
			<line number="185"  hits="10"  branch="false" />
			<line number="186"  hits="10"  branch="false" />
			<line number="189"  hits="2"  branch="false" />
			<line number="192"  hits="2"  branch="false" />
			<line number="193"  hits="2"  branch="false" />
			<line number="194"  hits="2"  branch="true"  condition-coverage="50% (1/2)" />
			<line number="195"  hits="2"  branch="false" />
			<line number="196"  hits="2"  branch="false" />
			<line number="198"  hits="0"  branch="false" />
			<line number="199"  hits="0"  branch="false" />
			<line number="203"  hits="2"  branch="false" />
			<line number="204"  hits="10"  branch="false" />
			<line number="205"  hits="10"  branch="false" />
			<line number="207"  hits="2"  branch="false" />
			<line number="212"  hits="20"  branch="false" />
			<line number="213"  hits="20"  branch="false" />
			<line number="214"  hits="20"  branch="false" />
			<line number="215"  hits="20"  branch="false" />
			<line number="216"  hits="20"  branch="false" />
			<line number="218"  hits="0"  branch="true"  condition-coverage="0% (0/4)" />
			<line number="219"  hits="0"  branch="false" />
			<line number="221"  hits="0"  branch="false" />
			<line number="223"  hits="0"  branch="false" />
			<line number="225"  hits="0"  branch="false" />
			<line number="227"  hits="20"  branch="true"  condition-coverage="75% (3/4)" />
			<line number="228"  hits="0"  branch="false" />
			<line number="229"  hits="20"  branch="true"  condition-coverage="100% (2/2)" />
			<line number="230"  hits="4"  branch="false" />
			<line number="232"  hits="20"  branch="true"  condition-coverage="100% (2/2)" />
			<line number="233"  hits="8"  branch="false" />
			<line number="235"  hits="20"  branch="false" />
			<line number="239"  hits="2"  branch="false" />
			<line number="251"  hits="2"  branch="true"  condition-coverage="50% (1/2)" />
			<line number="252"  hits="2"  branch="false" />
			<line number="253"  hits="2"  branch="false" />
			<line number="255"  hits="0"  branch="false" />
			<line number="256"  hits="0"  branch="false" />
			<line number="258"  hits="2"  branch="false" />
			<line number="261"  hits="0"  branch="false" />
			<line number="263"  hits="0"  branch="false" />
			<line number="264"  hits="0"  branch="false" />
			<line number="265"  hits="0"  branch="false" />
			<line number="266"  hits="0"  branch="false" />
			<line number="267"  hits="0"  branch="true"  condition-coverage="0% (0/2)" />
			<line number="268"  hits="0"  branch="false" />
			<line number="270"  hits="0"  branch="false" />
			<line number="272"  hits="0"  branch="false" />
			<line number="275"  hits="0"  branch="false" />
			<line number="277"  hits="0"  branch="false" />
			<line number="278"  hits="0"  branch="true"  condition-coverage="0% (0/2)" />
			<line number="280"  hits="0"  branch="false" />
			<line number="281"  hits="0"  branch="false" />
			<line number="283"  hits="0"  branch="false" />
			<line number="284"  hits="0"  branch="false" />
			<line number="286"  hits="0"  branch="false" />
			<line number="287"  hits="0"  branch="false" />
			<line number="288"  hits="0"  branch="true"  condition-coverage="0% (0/2)" />
			<line number="289"  hits="0"  branch="false" />
			<line number="290"  hits="0"  branch="true"  condition-coverage="0% (0/4)" />
			<line number="291"  hits="0"  branch="false" />
			<line number="292"  hits="0"  branch="true"  condition-coverage="0% (0/2)" />
			<line number="294"  hits="0"  branch="false" />
			<line number="296"  hits="0"  branch="true"  condition-coverage="0% (0/2)" />
			<line number="297"  hits="0"  branch="false" />
			<line number="298"  hits="0"  branch="true"  condition-coverage="0% (0/2)" />
			<line number="300"  hits="0"  branch="false" />
			<line number="301"  hits="0"  branch="false" />
			<line number="302"  hits="0"  branch="false" />
			<line number="304"  hits="0"  branch="false" />
			<line number="305"  hits="0"  branch="false" />
			<line number="309"  hits="0"  branch="false" />
			<line number="313"  hits="0"  branch="false" />
			<line number="314"  hits="0"  branch="false" />
			<line number="315"  hits="0"  branch="false" />
			<line number="316"  hits="0"  branch="false" />
			<line number="317"  hits="0"  branch="false" />
			<line number="318"  hits="0"  branch="true"  condition-coverage="0% (0/2)" />
			<line number="319"  hits="0"  branch="false" />
			<line number="320"  hits="0"  branch="true"  condition-coverage="0% (0/2)" />
			<line number="321"  hits="0"  branch="false" />
			<line number="322"  hits="0"  branch="false" />
			<line number="323"  hits="0"  branch="false" />
			<line number="324"  hits="0"  branch="false" />
			<line number="325"  hits="0"  branch="false" />
			<line number="326"  hits="0"  branch="false" />
			<line number="329"  hits="0"  branch="false" />
			<line number="330"  hits="0"  branch="false" />
			<line number="331"  hits="0"  branch="false" />
			<line number="332"  hits="0"  branch="false" />
			<line number="333"  hits="0"  branch="false" />
			<line number="337"  hits="0"  branch="false" />
			<line number="341"  hits="1"  branch="false" />
			<line number="345"  hits="0"  branch="false" />
			<line number="346"  hits="0"  branch="false" />
			<line number="347"  hits="0"  branch="true"  condition-coverage="0% (0/2)" />
			<line number="349"  hits="0"  branch="false" />
			<line number="350"  hits="0"  branch="true"  condition-coverage="0% (0/2)" />
			<line number="351"  hits="0"  branch="false" />
			<line number="353"  hits="0"  branch="true"  condition-coverage="0% (0/2)" />
			<line number="354"  hits="0"  branch="false" />
			<line number="356"  hits="0"  branch="false" />
			<line number="357"  hits="0"  branch="false" />
			<line number="359"  hits="0"  branch="false" />
			<line number="360"  hits="0"  branch="false" />
			<line number="361"  hits="0"  branch="true"  condition-coverage="0% (0/2)" />
			<line number="362"  hits="0"  branch="true"  condition-coverage="0% (0/2)" />
			<line number="363"  hits="0"  branch="false" />
			<line number="365"  hits="0"  branch="true"  condition-coverage="0% (0/2)" />
			<line number="369"  hits="0"  branch="false" />
			<line number="370"  hits="0"  branch="false" />
			<line number="371"  hits="0"  branch="false" />
			<line number="372"  hits="0"  branch="false" />
			<line number="373"  hits="0"  branch="false" />
			<line number="375"  hits="0"  branch="true"  condition-coverage="0% (0/2)" />
			<line number="376"  hits="0"  branch="false" />
			<line number="379"  hits="0"  branch="false" />
			<line number="380"  hits="0"  branch="false" />
			<line number="381"  hits="0"  branch="false" />
			<line number="383"  hits="0"  branch="false" />
			<line number="384"  hits="0"  branch="false" />
			<line number="385"  hits="0"  branch="false" />
			<line number="386"  hits="0"  branch="false" />
			<line number="387"  hits="0"  branch="false" />
			<line number="390"  hits="0"  branch="false" />
			<line number="391"  hits="0"  branch="false" />
			<line number="392"  hits="0"  branch="false" />
			<line number="394"  hits="0"  branch="false" />
			<line number="395"  hits="0"  branch="false" />
			<line number="397"  hits="0"  branch="false" />
			<line number="398"  hits="0"  branch="false" />
			<line number="399"  hits="0"  branch="true"  condition-coverage="0% (0/2)" />
			<line number="400"  hits="0"  branch="false" />
			<line number="401"  hits="0"  branch="true"  condition-coverage="0% (0/2)" />
			<line number="402"  hits="0"  branch="false" />
			<line number="405"  hits="0"  branch="true"  condition-coverage="0% (0/2)" />
			<line number="406"  hits="0"  branch="false" />
			<line number="409"  hits="0"  branch="false" />
			<line number="411"  hits="0"  branch="false" />
			<line number="412"  hits="0"  branch="false" />
			<line number="413"  hits="0"  branch="true"  condition-coverage="0% (0/2)" />
			<line number="414"  hits="0"  branch="false" />
			<line number="416"  hits="0"  branch="false" />
			<line number="419"  hits="0"  branch="false" />
			<line number="420"  hits="0"  branch="false" />
			<line number="421"  hits="0"  branch="false" />
			<line number="423"  hits="0"  branch="false" />
			<line number="424"  hits="0"  branch="false" />
			<line number="425"  hits="0"  branch="false" />
			<line number="426"  hits="0"  branch="true"  condition-coverage="0% (0/2)" />
			<line number="427"  hits="0"  branch="false" />
			<line number="429"  hits="0"  branch="false" />
			<line number="432"  hits="0"  branch="false" />
			<line number="433"  hits="0"  branch="false" />
			<line number="435"  hits="0"  branch="false" />
			<line number="436"  hits="0"  branch="false" />
			<line number="437"  hits="0"  branch="true"  condition-coverage="0% (0/4)" />
			<line number="438"  hits="0"  branch="false" />
			<line number="441"  hits="0"  branch="false" />
			<line number="442"  hits="0"  branch="true"  condition-coverage="0% (0/2)" />
			<line number="443"  hits="0"  branch="false" />
			<line number="444"  hits="0"  branch="false" />
			<line number="445"  hits="0"  branch="false" />
			<line number="446"  hits="0"  branch="true"  condition-coverage="0% (0/2)" />
			<line number="447"  hits="0"  branch="true"  condition-coverage="0% (0/2)" />
			<line number="448"  hits="0"  branch="false" />
			<line number="449"  hits="0"  branch="true"  condition-coverage="0% (0/4)" />
			<line number="450"  hits="0"  branch="false" />
			<line number="454"  hits="0"  branch="false" />
			<line number="455"  hits="0"  branch="true"  condition-coverage="0% (0/2)" />
			<line number="456"  hits="0"  branch="false" />
			<line number="458"  hits="0"  branch="false" />
			<line number="459"  hits="0"  branch="true"  condition-coverage="0% (0/2)" />
			<line number="460"  hits="0"  branch="false" />
			<line number="463"  hits="0"  branch="false" />
			<line number="464"  hits="0"  branch="false" />
			<line number="465"  hits="0"  branch="false" />
			<line number="466"  hits="0"  branch="false" />
			<line number="467"  hits="0"  branch="false" />
			<line number="468"  hits="0"  branch="true"  condition-coverage="0% (0/2)" />
			<line number="469"  hits="0"  branch="false" />
			<line number="470"  hits="0"  branch="false" />
			<line number="472"  hits="0"  branch="false" />
			<line number="473"  hits="0"  branch="false" />
			<line number="475"  hits="0"  branch="false" />
			<line number="477"  hits="0"  branch="false" />
			<line number="478"  hits="0"  branch="false" />
			<line number="479"  hits="0"  branch="false" />
			<line number="480"  hits="0"  branch="false" />
			<line number="482"  hits="0"  branch="false" />
			<line number="483"  hits="0"  branch="false" />
			<line number="484"  hits="0"  branch="false" />
			<line number="485"  hits="0"  branch="true"  condition-coverage="0% (0/2)" />
			<line number="486"  hits="0"  branch="false" />
			<line number="488"  hits="0"  branch="true"  condition-coverage="0% (0/2)" />
			<line number="489"  hits="0"  branch="false" />
			<line number="491"  hits="0"  branch="true"  condition-coverage="0% (0/2)" />
			<line number="492"  hits="0"  branch="false" />
			<line number="494"  hits="0"  branch="true"  condition-coverage="0% (0/2)" />
			<line number="495"  hits="0"  branch="false" />
			<line number="497"  hits="0"  branch="true"  condition-coverage="0% (0/2)" />
			<line number="498"  hits="0"  branch="false" />
			<line number="500"  hits="0"  branch="true"  condition-coverage="0% (0/2)" />
			<line number="501"  hits="0"  branch="false" />
			<line number="503"  hits="0"  branch="true"  condition-coverage="0% (0/2)" />
			<line number="504"  hits="0"  branch="false" />
			<line number="506"  hits="0"  branch="false" />
			<line number="508"  hits="0"  branch="false" />
			<line number="509"  hits="0"  branch="false" />
			<line number="510"  hits="0"  branch="true"  condition-coverage="0% (0/2)" />
			<line number="511"  hits="0"  branch="false" />
			<line number="512"  hits="0"  branch="true"  condition-coverage="0% (0/2)" />
			<line number="513"  hits="0"  branch="false" />
			<line number="515"  hits="0"  branch="false" />
			<line number="517"  hits="0"  branch="false" />
			<line number="518"  hits="0"  branch="false" />
			<line number="523"  hits="0"  branch="false" />
			<line number="524"  hits="0"  branch="false" />
			<line number="525"  hits="0"  branch="false" />
			<line number="526"  hits="0"  branch="false" />
			<line number="527"  hits="0"  branch="true"  condition-coverage="0% (0/9)" />
			<line number="529"  hits="0"  branch="false" />
			<line number="530"  hits="0"  branch="false" />
			<line number="536"  hits="0"  branch="false" />
			<line number="537"  hits="0"  branch="false" />
			<line number="539"  hits="0"  branch="false" />
			<line number="540"  hits="0"  branch="false" />
			<line number="541"  hits="0"  branch="true"  condition-coverage="0% (0/2)" />
			<line number="542"  hits="0"  branch="false" />
			<line number="544"  hits="0"  branch="true"  condition-coverage="0% (0/2)" />
			<line number="545"  hits="0"  branch="false" />
			<line number="547"  hits="0"  branch="false" />
			<line number="554"  hits="0"  branch="false" />
			<line number="555"  hits="0"  branch="false" />
			<line number="557"  hits="0"  branch="false" />
			<line number="558"  hits="0"  branch="false" />
			<line number="559"  hits="0"  branch="true"  condition-coverage="0% (0/2)" />
			<line number="560"  hits="0"  branch="false" />
			<line number="562"  hits="0"  branch="true"  condition-coverage="0% (0/2)" />
			<line number="563"  hits="0"  branch="false" />
			<line number="565"  hits="0"  branch="false" />
			<line number="572"  hits="0"  branch="false" />
			<line number="573"  hits="0"  branch="false" />
			<line number="575"  hits="0"  branch="false" />
			<line number="576"  hits="0"  branch="false" />
			<line number="577"  hits="0"  branch="true"  condition-coverage="0% (0/2)" />
			<line number="578"  hits="0"  branch="false" />
			<line number="580"  hits="0"  branch="true"  condition-coverage="0% (0/2)" />
			<line number="581"  hits="0"  branch="false" />
			<line number="583"  hits="0"  branch="false" />
			<line number="590"  hits="0"  branch="false" />
			<line number="591"  hits="0"  branch="false" />
			<line number="593"  hits="0"  branch="true"  condition-coverage="0% (0/2)" />
			<line number="594"  hits="0"  branch="false" />
			<line number="596"  hits="0"  branch="false" />
			<line number="597"  hits="0"  branch="true"  condition-coverage="0% (0/2)" />
			<line number="598"  hits="0"  branch="false" />
			<line number="604"  hits="0"  branch="false" />
			<line number="605"  hits="0"  branch="true"  condition-coverage="0% (0/2)" />
			<line number="606"  hits="0"  branch="false" />
			<line number="607"  hits="0"  branch="true"  condition-coverage="0% (0/2)" />
			<line number="608"  hits="0"  branch="false" />
			<line number="610"  hits="0"  branch="false" />
			<line number="617"  hits="0"  branch="false" />
			<line number="619"  hits="0"  branch="false" />
			<line number="621"  hits="0"  branch="false" />
			<line number="622"  hits="0"  branch="true"  condition-coverage="0% (0/2)" />
			<line number="623"  hits="0"  branch="false" />
			<line number="625"  hits="0"  branch="false" />
			<line number="631"  hits="0"  branch="false" />
			<line number="632"  hits="0"  branch="false" />
			<line number="634"  hits="0"  branch="false" />
			<line number="635"  hits="0"  branch="true"  condition-coverage="0% (0/2)" />
			<line number="636"  hits="0"  branch="false" />
			<line number="638"  hits="0"  branch="false" />
			<line number="643"  hits="0"  branch="true"  condition-coverage="0% (0/2)" />
			<line number="644"  hits="0"  branch="false" />
			<line number="646"  hits="0"  branch="false" />
			<line number="647"  hits="0"  branch="false" />
			<line number="649"  hits="0"  branch="false" />
			<line number="650"  hits="0"  branch="false" />
			<line number="652"  hits="0"  branch="false" />
			<line number="653"  hits="0"  branch="true"  condition-coverage="0% (0/2)" />
			<line number="654"  hits="0"  branch="false" />
			<line number="656"  hits="0"  branch="false" />
			<line number="661"  hits="0"  branch="true"  condition-coverage="0% (0/2)" />
			<line number="662"  hits="0"  branch="false" />
			<line number="663"  hits="0"  branch="false" />
			<line number="665"  hits="0"  branch="false" />
			<line number="666"  hits="0"  branch="false" />
			<line number="667"  hits="0"  branch="false" />
			<line number="669"  hits="0"  branch="false" />
			<line number="670"  hits="0"  branch="false" />
			<line number="672"  hits="0"  branch="false" />
			<line number="673"  hits="0"  branch="false" />
			<line number="674"  hits="0"  branch="false" />
			<line number="675"  hits="0"  branch="true"  condition-coverage="0% (0/2)" />
			<line number="676"  hits="0"  branch="false" />
			<line number="678"  hits="0"  branch="false" />
			<line number="684"  hits="0"  branch="false" />
			<line number="685"  hits="0"  branch="false" />
			<line number="688"  hits="0"  branch="false" />
			<line number="689"  hits="0"  branch="false" />
			<line number="690"  hits="0"  branch="true"  condition-coverage="0% (0/2)" />
			<line number="691"  hits="0"  branch="false" />
			<line number="692"  hits="0"  branch="true"  condition-coverage="0% (0/2)" />
			<line number="693"  hits="0"  branch="false" />
			<line number="694"  hits="0"  branch="true"  condition-coverage="0% (0/6)" />
			<line number="695"  hits="0"  branch="false" />
			<line number="698"  hits="0"  branch="false" />
			<line number="699"  hits="0"  branch="false" />
			<line number="700"  hits="0"  branch="false" />
			<line number="701"  hits="0"  branch="false" />
			<line number="702"  hits="0"  branch="false" />
			<line number="703"  hits="0"  branch="false" />
			<line number="704"  hits="0"  branch="false" />
			<line number="705"  hits="0"  branch="false" />
			<line number="706"  hits="0"  branch="false" />
			<line number="707"  hits="0"  branch="false" />
			<line number="708"  hits="0"  branch="false" />
			<line number="709"  hits="0"  branch="false" />
			<line number="710"  hits="0"  branch="false" />
			<line number="712"  hits="0"  branch="false" />
			<line number="713"  hits="0"  branch="false" />
			<line number="714"  hits="0"  branch="false" />
			<line number="715"  hits="0"  branch="true"  condition-coverage="0% (0/9)" />
			<line number="717"  hits="0"  branch="false" />
			<line number="718"  hits="0"  branch="false" />
			<line number="719"  hits="0"  branch="false" />
			<line number="721"  hits="0"  branch="false" />
			<line number="722"  hits="0"  branch="false" />
			<line number="723"  hits="0"  branch="false" />
			<line number="724"  hits="0"  branch="false" />
			<line number="725"  hits="0"  branch="false" />
			<line number="727"  hits="0"  branch="false" />
			<line number="728"  hits="0"  branch="false" />
			<line number="729"  hits="0"  branch="false" />
			<line number="730"  hits="0"  branch="false" />
			<line number="731"  hits="0"  branch="false" />
			<line number="733"  hits="0"  branch="false" />
			<line number="734"  hits="0"  branch="false" />
			<line number="735"  hits="0"  branch="false" />
			<line number="736"  hits="0"  branch="false" />
			<line number="737"  hits="0"  branch="false" />
			<line number="739"  hits="0"  branch="false" />
			<line number="740"  hits="0"  branch="false" />
			<line number="741"  hits="0"  branch="false" />
			<line number="742"  hits="0"  branch="false" />
			<line number="743"  hits="0"  branch="false" />
			<line number="745"  hits="0"  branch="false" />
			<line number="746"  hits="0"  branch="false" />
			<line number="747"  hits="0"  branch="false" />
			<line number="748"  hits="0"  branch="false" />
			<line number="749"  hits="0"  branch="false" />
			<line number="751"  hits="0"  branch="false" />
			<line number="752"  hits="0"  branch="false" />
			<line number="753"  hits="0"  branch="false" />
			<line number="754"  hits="0"  branch="false" />
			<line number="755"  hits="0"  branch="false" />
			<line number="757"  hits="0"  branch="false" />
			<line number="758"  hits="0"  branch="false" />
			<line number="759"  hits="0"  branch="false" />
			<line number="760"  hits="0"  branch="false" />
			<line number="761"  hits="0"  branch="false" />
			<line number="763"  hits="0"  branch="false" />
			<line number="764"  hits="0"  branch="false" />
			<line number="765"  hits="0"  branch="false" />
			<line number="768"  hits="0"  branch="false" />
			<line number="769"  hits="0"  branch="true"  condition-coverage="0% (0/4)" />
			<line number="770"  hits="0"  branch="false" />
			<line number="773"  hits="0"  branch="true"  condition-coverage="0% (0/2)" />
			<line number="776"  hits="0"  branch="false" />
			<line number="777"  hits="0"  branch="false" />
			<line number="784"  hits="0"  branch="false" />
			<line number="789"  hits="0"  branch="false" />
			<line number="793"  hits="0"  branch="false" />
			<line number="794"  hits="0"  branch="false" />
			<line number="795"  hits="0"  branch="false" />
			<line number="796"  hits="0"  branch="false" />
			<line number="797"  hits="0"  branch="false" />
			<line number="798"  hits="0"  branch="false" />
			<line number="811"  hits="0"  branch="false" />
			<line number="812"  hits="0"  branch="false" />
			<line number="813"  hits="0"  branch="false" />
			<line number="814"  hits="0"  branch="false" />
			<line number="815"  hits="0"  branch="false" />
			<line number="817"  hits="0"  branch="false" />
			<line number="873"  hits="0"  branch="false" />
			<line number="880"  hits="0"  branch="false" />
			<line number="881"  hits="0"  branch="false" />
			<line number="886"  hits="0"  branch="false" />
			<line number="897"  hits="0"  branch="false" />
			<line number="898"  hits="0"  branch="true"  condition-coverage="0% (0/2)" />
			<line number="899"  hits="0"  branch="false" />
			<line number="900"  hits="0"  branch="false" />
			<line number="901"  hits="0"  branch="false" />
			<line number="902"  hits="0"  branch="false" />
			<line number="903"  hits="0"  branch="false" />
			<line number="904"  hits="0"  branch="false" />
			<line number="905"  hits="0"  branch="false" />
			<line number="906"  hits="0"  branch="true"  condition-coverage="0% (0/2)" />
			<line number="907"  hits="0"  branch="false" />
			<line number="908"  hits="0"  branch="false" />
			<line number="909"  hits="0"  branch="false" />
			<line number="910"  hits="0"  branch="false" />
			<line number="911"  hits="0"  branch="false" />
			<line number="912"  hits="0"  branch="false" />
			<line number="914"  hits="0"  branch="false" />
			<line number="915"  hits="0"  branch="false" />
			<line number="916"  hits="0"  branch="false" />
			<line number="917"  hits="0"  branch="true"  condition-coverage="0% (0/2)" />
			<line number="919"  hits="0"  branch="false" />
			<line number="920"  hits="0"  branch="false" />
			<line number="921"  hits="0"  branch="false" />
			<line number="922"  hits="0"  branch="false" />
			<line number="925"  hits="0"  branch="false" />
			<line number="931"  hits="0"  branch="false" />
			<line number="932"  hits="0"  branch="false" />
			<line number="935"  hits="0"  branch="false" />
			<line number="936"  hits="0"  branch="false" />
			<line number="939"  hits="0"  branch="false" />
			<line number="942"  hits="0"  branch="false" />
			<line number="944"  hits="0"  branch="false" />
			<line number="945"  hits="0"  branch="false" />
			<line number="946"  hits="0"  branch="false" />
			<line number="947"  hits="0"  branch="false" />
			<line number="951"  hits="0"  branch="false" />
			<line number="954"  hits="0"  branch="false" />
			<line number="963"  hits="0"  branch="false" />
			<line number="964"  hits="0"  branch="true"  condition-coverage="0% (0/2)" />
			<line number="965"  hits="0"  branch="false" />
			<line number="966"  hits="0"  branch="true"  condition-coverage="0% (0/2)" />
			<line number="967"  hits="0"  branch="false" />
			<line number="968"  hits="0"  branch="true"  condition-coverage="0% (0/2)" />
			<line number="969"  hits="0"  branch="false" />
			<line number="970"  hits="0"  branch="false" />
			<line number="972"  hits="0"  branch="true"  condition-coverage="0% (0/2)" />
			<line number="973"  hits="0"  branch="false" />
			<line number="974"  hits="0"  branch="false" />
			<line number="975"  hits="0"  branch="false" />
			<line number="977"  hits="0"  branch="false" />
			<line number="990"  hits="0"  branch="true"  condition-coverage="0% (0/2)" />
			<line number="991"  hits="0"  branch="false" />
			<line number="992"  hits="0"  branch="false" />
			<line number="993"  hits="0"  branch="true"  condition-coverage="0% (0/2)" />
			<line number="994"  hits="0"  branch="true"  condition-coverage="0% (0/2)" />
			<line number="995"  hits="0"  branch="false" />
			<line number="996"  hits="0"  branch="true"  condition-coverage="0% (0/2)" />
			<line number="997"  hits="0"  branch="false" />
			<line number="998"  hits="0"  branch="true"  condition-coverage="0% (0/2)" />
			<line number="999"  hits="0"  branch="false" />
			<line number="1000"  hits="0"  branch="false" />
			<line number="1002"  hits="0"  branch="false" />
			<line number="1004"  hits="0"  branch="false" />
			<line number="1010"  hits="0"  branch="false" />
			<line number="1011"  hits="0"  branch="false" />
			<line number="1012"  hits="0"  branch="false" />
			<line number="1013"  hits="0"  branch="false" />
			<line number="1014"  hits="0"  branch="false" />
			<line number="1015"  hits="0"  branch="false" />
			<line number="1016"  hits="0"  branch="false" />
			<line number="1017"  hits="0"  branch="false" />
			<line number="1022"  hits="1"  branch="false" />
			<line number="1026"  hits="0"  branch="false" />
			<line number="1027"  hits="0"  branch="false" />
			<line number="1028"  hits="0"  branch="true"  condition-coverage="0% (0/2)" />
			<line number="1030"  hits="0"  branch="false" />
			<line number="1031"  hits="0"  branch="true"  condition-coverage="0% (0/2)" />
			<line number="1032"  hits="0"  branch="false" />
			<line number="1034"  hits="0"  branch="true"  condition-coverage="0% (0/2)" />
			<line number="1035"  hits="0"  branch="false" />
			<line number="1037"  hits="0"  branch="false" />
			<line number="1039"  hits="0"  branch="false" />
			<line number="1040"  hits="0"  branch="false" />
			<line number="1041"  hits="0"  branch="true"  condition-coverage="0% (0/2)" />
			<line number="1042"  hits="0"  branch="true"  condition-coverage="0% (0/2)" />
			<line number="1043"  hits="0"  branch="false" />
			<line number="1045"  hits="0"  branch="true"  condition-coverage="0% (0/2)" />
			<line number="1046"  hits="0"  branch="false" />
			<line number="1051"  hits="0"  branch="false" />
			<line number="1052"  hits="0"  branch="false" />
			<line number="1053"  hits="0"  branch="true"  condition-coverage="0% (0/2)" />
			<line number="1054"  hits="0"  branch="false" />
			<line number="1056"  hits="0"  branch="true"  condition-coverage="0% (0/2)" />
			<line number="1057"  hits="0"  branch="false" />
			<line number="1059"  hits="0"  branch="true"  condition-coverage="0% (0/2)" />
			<line number="1060"  hits="0"  branch="false" />
			<line number="1062"  hits="0"  branch="false" />
			<line number="1063"  hits="0"  branch="false" />
			<line number="1064"  hits="0"  branch="false" />
			<line number="1065"  hits="0"  branch="false" />
			<line number="1066"  hits="0"  branch="false" />
		</lines>
		</class>
	</classes>
	</package>
</packages>
</coverage>
