<?xml version="1.0" ?>
<!DOCTYPE coverage SYSTEM "http://cobertura.sourceforge.net/xml/coverage-04.dtd">
<coverage lines-valid="435"  lines-covered="388"  line-rate="0.892"  branches-valid="27"  branches-covered="10"  branch-rate="0.3704"  timestamp="1446074450069" complexity="0" version="0.1">
<sources>
	<source>/Users/diogomariano/Work/ctools/cdf/pentaho</source>
</sources>
<packages>
	<package name="components"  line-rate="0.9218999999999999"  branch-rate="0.31579999999999997" >
	<classes>
		<class name="AnalyzerComponent.ext.js"  filename="src/test/javascript/cdf/components/AnalyzerComponent.ext.js"  line-rate="0.25"  branch-rate="1" >
		<methods>
			<method name="(anonymous_1)"  hits="0"  signature="()V" >
				<lines><line number="15"  hits="0" /></lines>
			</method>
			<method name="(anonymous_2)"  hits="0"  signature="()V" >
				<lines><line number="19"  hits="0" /></lines>
			</method>
		</methods>
		<lines>
			<line number="14"  hits="1"  branch="false" />
			<line number="17"  hits="0"  branch="false" />
			<line number="20"  hits="0"  branch="false" />
			<line number="25"  hits="0"  branch="false" />
		</lines>
		</class>
		<class name="CommentsComponent.ext.js"  filename="src/test/javascript/cdf/components/CommentsComponent.ext.js"  line-rate="0.07690000000000001"  branch-rate="0" >
		<methods>
			<method name="(anonymous_1)"  hits="0"  signature="()V" >
				<lines><line number="15"  hits="0" /></lines>
			</method>
			<method name="(anonymous_2)"  hits="0"  signature="()V" >
				<lines><line number="19"  hits="0" /></lines>
			</method>
		</methods>
		<lines>
			<line number="14"  hits="1"  branch="false" />
			<line number="17"  hits="0"  branch="false" />
			<line number="21"  hits="0"  branch="false" />
			<line number="23"  hits="0"  branch="true"  condition-coverage="0% (0/5)" />
			<line number="24"  hits="0"  branch="false" />
			<line number="26"  hits="0"  branch="true"  condition-coverage="0% (0/2)" />
			<line number="27"  hits="0"  branch="false" />
			<line number="29"  hits="0"  branch="true"  condition-coverage="0% (0/2)" />
			<line number="30"  hits="0"  branch="false" />
			<line number="32"  hits="0"  branch="true"  condition-coverage="0% (0/2)" />
			<line number="33"  hits="0"  branch="false" />
			<line number="36"  hits="0"  branch="false" />
			<line number="40"  hits="0"  branch="false" />
		</lines>
		</class>
		<class name="ContentListComponent-spec.js"  filename="src/test/javascript/cdf/components/ContentListComponent-spec.js"  line-rate="1"  branch-rate="1" >
		<methods>
			<method name="(anonymous_1)"  hits="1"  signature="()V" >
				<lines><line number="17"  hits="1" /></lines>
			</method>
			<method name="(anonymous_2)"  hits="1"  signature="()V" >
				<lines><line number="22"  hits="1" /></lines>
			</method>
			<method name="(anonymous_3)"  hits="1"  signature="()V" >
				<lines><line number="42"  hits="1" /></lines>
			</method>
			<method name="(anonymous_4)"  hits="1"  signature="()V" >
				<lines><line number="46"  hits="1" /></lines>
			</method>
		</methods>
		<lines>
			<line number="14"  hits="1"  branch="false" />
			<line number="22"  hits="1"  branch="false" />
			<line number="24"  hits="1"  branch="false" />
			<line number="26"  hits="1"  branch="false" />
			<line number="28"  hits="1"  branch="false" />
			<line number="37"  hits="1"  branch="false" />
			<line number="42"  hits="1"  branch="false" />
			<line number="43"  hits="1"  branch="false" />
			<line number="46"  hits="1"  branch="false" />
			<line number="47"  hits="1"  branch="false" />
			<line number="48"  hits="1"  branch="false" />
			<line number="51"  hits="1"  branch="false" />
		</lines>
		</class>
		<class name="DialComponent-spec.js"  filename="src/test/javascript/cdf/components/DialComponent-spec.js"  line-rate="1"  branch-rate="1" >
		<methods>
			<method name="(anonymous_1)"  hits="1"  signature="()V" >
				<lines><line number="18"  hits="1" /></lines>
			</method>
			<method name="(anonymous_2)"  hits="1"  signature="()V" >
				<lines><line number="23"  hits="1" /></lines>
			</method>
			<method name="(anonymous_3)"  hits="1"  signature="()V" >
				<lines><line number="33"  hits="1" /></lines>
			</method>
			<method name="(anonymous_4)"  hits="1"  signature="()V" >
				<lines><line number="61"  hits="1" /></lines>
			</method>
			<method name="(anonymous_5)"  hits="1"  signature="()V" >
				<lines><line number="63"  hits="1" /></lines>
			</method>
			<method name="(anonymous_6)"  hits="1"  signature="()V" >
				<lines><line number="68"  hits="1" /></lines>
			</method>
		</methods>
		<lines>
			<line number="14"  hits="1"  branch="false" />
			<line number="23"  hits="1"  branch="false" />
			<line number="25"  hits="1"  branch="false" />
			<line number="27"  hits="1"  branch="false" />
			<line number="29"  hits="1"  branch="false" />
			<line number="34"  hits="1"  branch="false" />
			<line number="40"  hits="1"  branch="false" />
			<line number="56"  hits="1"  branch="false" />
			<line number="61"  hits="1"  branch="false" />
			<line number="62"  hits="1"  branch="false" />
			<line number="63"  hits="1"  branch="false" />
			<line number="64"  hits="1"  branch="false" />
			<line number="68"  hits="1"  branch="false" />
			<line number="69"  hits="1"  branch="false" />
			<line number="70"  hits="1"  branch="false" />
			<line number="73"  hits="1"  branch="false" />
		</lines>
		</class>
		<class name="ExecutePrptComponent-spec.js"  filename="src/test/javascript/cdf/components/ExecutePrptComponent-spec.js"  line-rate="0.8571"  branch-rate="1" >
		<methods>
			<method name="(anonymous_1)"  hits="1"  signature="()V" >
				<lines><line number="18"  hits="1" /></lines>
			</method>
			<method name="(anonymous_2)"  hits="1"  signature="()V" >
				<lines><line number="23"  hits="1" /></lines>
			</method>
			<method name="(anonymous_3)"  hits="0"  signature="()V" >
				<lines><line number="40"  hits="0" /></lines>
			</method>
			<method name="(anonymous_4)"  hits="0"  signature="()V" >
				<lines><line number="41"  hits="0" /></lines>
			</method>
			<method name="(anonymous_5)"  hits="1"  signature="()V" >
				<lines><line number="50"  hits="1" /></lines>
			</method>
			<method name="(anonymous_6)"  hits="1"  signature="()V" >
				<lines><line number="54"  hits="1" /></lines>
			</method>
		</methods>
		<lines>
			<line number="14"  hits="1"  branch="false" />
			<line number="23"  hits="1"  branch="false" />
			<line number="25"  hits="1"  branch="false" />
			<line number="27"  hits="1"  branch="false" />
			<line number="29"  hits="1"  branch="false" />
			<line number="40"  hits="0"  branch="false" />
			<line number="41"  hits="0"  branch="false" />
			<line number="45"  hits="1"  branch="false" />
			<line number="50"  hits="1"  branch="false" />
			<line number="51"  hits="1"  branch="false" />
			<line number="54"  hits="1"  branch="false" />
			<line number="55"  hits="1"  branch="false" />
			<line number="56"  hits="1"  branch="false" />
			<line number="59"  hits="1"  branch="false" />
		</lines>
		</class>
		<class name="ExecuteXactionComponent-spec.js"  filename="src/test/javascript/cdf/components/ExecuteXactionComponent-spec.js"  line-rate="0.8571"  branch-rate="1" >
		<methods>
			<method name="(anonymous_1)"  hits="1"  signature="()V" >
				<lines><line number="17"  hits="1" /></lines>
			</method>
			<method name="(anonymous_2)"  hits="1"  signature="()V" >
				<lines><line number="22"  hits="1" /></lines>
			</method>
			<method name="(anonymous_3)"  hits="0"  signature="()V" >
				<lines><line number="37"  hits="0" /></lines>
			</method>
			<method name="(anonymous_4)"  hits="0"  signature="()V" >
				<lines><line number="38"  hits="0" /></lines>
			</method>
			<method name="(anonymous_5)"  hits="1"  signature="()V" >
				<lines><line number="47"  hits="1" /></lines>
			</method>
			<method name="(anonymous_6)"  hits="1"  signature="()V" >
				<lines><line number="51"  hits="1" /></lines>
			</method>
		</methods>
		<lines>
			<line number="14"  hits="1"  branch="false" />
			<line number="22"  hits="1"  branch="false" />
			<line number="24"  hits="1"  branch="false" />
			<line number="26"  hits="1"  branch="false" />
			<line number="28"  hits="1"  branch="false" />
			<line number="37"  hits="0"  branch="false" />
			<line number="38"  hits="0"  branch="false" />
			<line number="42"  hits="1"  branch="false" />
			<line number="47"  hits="1"  branch="false" />
			<line number="48"  hits="1"  branch="false" />
			<line number="51"  hits="1"  branch="false" />
			<line number="52"  hits="1"  branch="false" />
			<line number="53"  hits="1"  branch="false" />
			<line number="56"  hits="1"  branch="false" />
		</lines>
		</class>
		<class name="JFreeChartComponent-spec.js"  filename="src/test/javascript/cdf/components/JFreeChartComponent-spec.js"  line-rate="1"  branch-rate="1" >
		<methods>
			<method name="(anonymous_1)"  hits="1"  signature="()V" >
				<lines><line number="18"  hits="1" /></lines>
			</method>
			<method name="(anonymous_2)"  hits="1"  signature="()V" >
				<lines><line number="23"  hits="1" /></lines>
			</method>
			<method name="(anonymous_3)"  hits="1"  signature="()V" >
				<lines><line number="33"  hits="1" /></lines>
			</method>
			<method name="(anonymous_4)"  hits="1"  signature="()V" >
				<lines><line number="70"  hits="1" /></lines>
			</method>
			<method name="(anonymous_5)"  hits="1"  signature="()V" >
				<lines><line number="72"  hits="1" /></lines>
			</method>
			<method name="(anonymous_6)"  hits="1"  signature="()V" >
				<lines><line number="77"  hits="1" /></lines>
			</method>
		</methods>
		<lines>
			<line number="14"  hits="1"  branch="false" />
			<line number="23"  hits="1"  branch="false" />
			<line number="25"  hits="1"  branch="false" />
			<line number="27"  hits="1"  branch="false" />
			<line number="29"  hits="1"  branch="false" />
			<line number="34"  hits="1"  branch="false" />
			<line number="40"  hits="1"  branch="false" />
			<line number="65"  hits="1"  branch="false" />
			<line number="70"  hits="1"  branch="false" />
			<line number="71"  hits="1"  branch="false" />
			<line number="72"  hits="1"  branch="false" />
			<line number="73"  hits="1"  branch="false" />
			<line number="77"  hits="1"  branch="false" />
			<line number="78"  hits="1"  branch="false" />
			<line number="79"  hits="1"  branch="false" />
			<line number="82"  hits="1"  branch="false" />
		</lines>
		</class>
		<class name="JFreeChartComponent.ext.js"  filename="src/test/javascript/cdf/components/JFreeChartComponent.ext.js"  line-rate="0.3333"  branch-rate="1" >
		<methods>
			<method name="(anonymous_1)"  hits="1"  signature="()V" >
				<lines><line number="14"  hits="1" /></lines>
			</method>
			<method name="(anonymous_2)"  hits="0"  signature="()V" >
				<lines><line number="18"  hits="0" /></lines>
			</method>
			<method name="(anonymous_3)"  hits="0"  signature="()V" >
				<lines><line number="21"  hits="0" /></lines>
			</method>
			<method name="(anonymous_4)"  hits="0"  signature="()V" >
				<lines><line number="29"  hits="0" /></lines>
			</method>
			<method name="(anonymous_5)"  hits="0"  signature="()V" >
				<lines><line number="32"  hits="0" /></lines>
			</method>
			<method name="(anonymous_6)"  hits="0"  signature="()V" >
				<lines><line number="36"  hits="0" /></lines>
			</method>
			<method name="(anonymous_7)"  hits="0"  signature="()V" >
				<lines><line number="44"  hits="0" /></lines>
			</method>
		</methods>
		<lines>
			<line number="14"  hits="1"  branch="false" />
			<line number="16"  hits="1"  branch="false" />
			<line number="19"  hits="0"  branch="false" />
			<line number="22"  hits="0"  branch="false" />
			<line number="30"  hits="0"  branch="false" />
			<line number="33"  hits="0"  branch="false" />
			<line number="37"  hits="0"  branch="false" />
			<line number="45"  hits="0"  branch="false" />
			<line number="53"  hits="1"  branch="false" />
		</lines>
		</class>
		<class name="NavigatorComponent-spec.js"  filename="src/test/javascript/cdf/components/NavigatorComponent-spec.js"  line-rate="1"  branch-rate="1" >
		<methods>
			<method name="(anonymous_1)"  hits="1"  signature="()V" >
				<lines><line number="17"  hits="1" /></lines>
			</method>
			<method name="(anonymous_2)"  hits="1"  signature="()V" >
				<lines><line number="22"  hits="1" /></lines>
			</method>
			<method name="(anonymous_3)"  hits="1"  signature="()V" >
				<lines><line number="43"  hits="1" /></lines>
			</method>
			<method name="(anonymous_4)"  hits="1"  signature="()V" >
				<lines><line number="47"  hits="1" /></lines>
			</method>
		</methods>
		<lines>
			<line number="14"  hits="1"  branch="false" />
			<line number="22"  hits="1"  branch="false" />
			<line number="24"  hits="1"  branch="false" />
			<line number="26"  hits="1"  branch="false" />
			<line number="28"  hits="1"  branch="false" />
			<line number="38"  hits="1"  branch="false" />
			<line number="43"  hits="1"  branch="false" />
			<line number="44"  hits="1"  branch="false" />
			<line number="47"  hits="1"  branch="false" />
			<line number="48"  hits="1"  branch="false" />
			<line number="49"  hits="1"  branch="false" />
			<line number="52"  hits="1"  branch="false" />
		</lines>
		</class>
		<class name="OpenFlashChartComponent-spec.js"  filename="src/test/javascript/cdf/components/OpenFlashChartComponent-spec.js"  line-rate="1"  branch-rate="1" >
		<methods>
			<method name="(anonymous_1)"  hits="1"  signature="()V" >
				<lines><line number="18"  hits="1" /></lines>
			</method>
			<method name="(anonymous_2)"  hits="1"  signature="()V" >
				<lines><line number="23"  hits="1" /></lines>
			</method>
			<method name="(anonymous_3)"  hits="1"  signature="()V" >
				<lines><line number="33"  hits="1" /></lines>
			</method>
			<method name="(anonymous_4)"  hits="1"  signature="()V" >
				<lines><line number="66"  hits="1" /></lines>
			</method>
			<method name="(anonymous_5)"  hits="1"  signature="()V" >
				<lines><line number="68"  hits="1" /></lines>
			</method>
			<method name="(anonymous_6)"  hits="1"  signature="()V" >
				<lines><line number="73"  hits="1" /></lines>
			</method>
		</methods>
		<lines>
			<line number="14"  hits="1"  branch="false" />
			<line number="23"  hits="1"  branch="false" />
			<line number="25"  hits="1"  branch="false" />
			<line number="27"  hits="1"  branch="false" />
			<line number="29"  hits="1"  branch="false" />
			<line number="34"  hits="1"  branch="false" />
			<line number="40"  hits="1"  branch="false" />
			<line number="61"  hits="1"  branch="false" />
			<line number="66"  hits="1"  branch="false" />
			<line number="67"  hits="1"  branch="false" />
			<line number="68"  hits="1"  branch="false" />
			<line number="69"  hits="1"  branch="false" />
			<line number="73"  hits="1"  branch="false" />
			<line number="74"  hits="1"  branch="false" />
			<line number="75"  hits="1"  branch="false" />
			<line number="78"  hits="1"  branch="false" />
		</lines>
		</class>
		<class name="PageTitleComponent-spec.js"  filename="src/test/javascript/cdf/components/PageTitleComponent-spec.js"  line-rate="1"  branch-rate="1" >
		<methods>
			<method name="(anonymous_1)"  hits="1"  signature="()V" >
				<lines><line number="17"  hits="1" /></lines>
			</method>
			<method name="(anonymous_2)"  hits="1"  signature="()V" >
				<lines><line number="22"  hits="1" /></lines>
			</method>
			<method name="(anonymous_3)"  hits="1"  signature="()V" >
				<lines><line number="41"  hits="1" /></lines>
			</method>
			<method name="(anonymous_4)"  hits="1"  signature="()V" >
				<lines><line number="45"  hits="1" /></lines>
			</method>
		</methods>
		<lines>
			<line number="14"  hits="1"  branch="false" />
			<line number="22"  hits="1"  branch="false" />
			<line number="24"  hits="1"  branch="false" />
			<line number="26"  hits="1"  branch="false" />
			<line number="28"  hits="1"  branch="false" />
			<line number="36"  hits="1"  branch="false" />
			<line number="41"  hits="1"  branch="false" />
			<line number="42"  hits="1"  branch="false" />
			<line number="45"  hits="1"  branch="false" />
			<line number="46"  hits="1"  branch="false" />
			<line number="47"  hits="1"  branch="false" />
			<line number="50"  hits="1"  branch="false" />
		</lines>
		</class>
		<class name="PivotLinkComponent.ext.js"  filename="src/test/javascript/cdf/components/PivotLinkComponent.ext.js"  line-rate="0.25"  branch-rate="1" >
		<methods>
			<method name="(anonymous_1)"  hits="0"  signature="()V" >
				<lines><line number="15"  hits="0" /></lines>
			</method>
			<method name="(anonymous_2)"  hits="0"  signature="()V" >
				<lines><line number="19"  hits="0" /></lines>
			</method>
		</methods>
		<lines>
			<line number="14"  hits="1"  branch="false" />
			<line number="17"  hits="0"  branch="false" />
			<line number="20"  hits="0"  branch="false" />
			<line number="25"  hits="0"  branch="false" />
		</lines>
		</class>
		<class name="PrptComponent-spec.js"  filename="src/test/javascript/cdf/components/PrptComponent-spec.js"  line-rate="1"  branch-rate="0.6667000000000001" >
		<methods>
			<method name="(anonymous_1)"  hits="1"  signature="()V" >
				<lines><line number="17"  hits="1" /></lines>
			</method>
			<method name="(anonymous_2)"  hits="1"  signature="()V" >
				<lines><line number="22"  hits="1" /></lines>
			</method>
			<method name="(anonymous_3)"  hits="6"  signature="()V" >
				<lines><line number="39"  hits="6" /></lines>
			</method>
			<method name="(anonymous_4)"  hits="6"  signature="()V" >
				<lines><line number="41"  hits="6" /></lines>
			</method>
			<method name="(anonymous_5)"  hits="1"  signature="()V" >
				<lines><line number="66"  hits="1" /></lines>
			</method>
			<method name="(anonymous_6)"  hits="1"  signature="()V" >
				<lines><line number="70"  hits="1" /></lines>
			</method>
			<method name="(anonymous_7)"  hits="1"  signature="()V" >
				<lines><line number="81"  hits="1" /></lines>
			</method>
			<method name="(anonymous_8)"  hits="1"  signature="()V" >
				<lines><line number="86"  hits="1" /></lines>
			</method>
			<method name="(anonymous_9)"  hits="1"  signature="()V" >
				<lines><line number="98"  hits="1" /></lines>
			</method>
			<method name="(anonymous_10)"  hits="1"  signature="()V" >
				<lines><line number="120"  hits="1" /></lines>
			</method>
			<method name="(anonymous_11)"  hits="1"  signature="()V" >
				<lines><line number="135"  hits="1" /></lines>
			</method>
		</methods>
		<lines>
			<line number="14"  hits="1"  branch="false" />
			<line number="22"  hits="1"  branch="false" />
			<line number="23"  hits="1"  branch="false" />
			<line number="25"  hits="1"  branch="false" />
			<line number="39"  hits="6"  branch="false" />
			<line number="40"  hits="1"  branch="false" />
			<line number="41"  hits="6"  branch="false" />
			<line number="42"  hits="1"  branch="false" />
			<line number="44"  hits="1"  branch="false" />
			<line number="61"  hits="1"  branch="false" />
			<line number="66"  hits="1"  branch="false" />
			<line number="67"  hits="1"  branch="false" />
			<line number="70"  hits="1"  branch="false" />
			<line number="71"  hits="1"  branch="false" />
			<line number="72"  hits="1"  branch="false" />
			<line number="75"  hits="1"  branch="false" />
			<line number="81"  hits="1"  branch="false" />
			<line number="82"  hits="1"  branch="false" />
			<line number="83"  hits="1"  branch="false" />
			<line number="86"  hits="1"  branch="false" />
			<line number="87"  hits="1"  branch="false" />
			<line number="88"  hits="1"  branch="false" />
			<line number="89"  hits="1"  branch="false" />
			<line number="92"  hits="1"  branch="false" />
			<line number="98"  hits="1"  branch="false" />
			<line number="99"  hits="1"  branch="false" />
			<line number="101"  hits="1"  branch="false" />
			<line number="102"  hits="1"  branch="false" />
			<line number="103"  hits="1"  branch="false" />
			<line number="104"  hits="1"  branch="true"  condition-coverage="66.66666666666666% (2/3)" />
			<line number="105"  hits="1"  branch="false" />
			<line number="106"  hits="1"  branch="false" />
			<line number="107"  hits="1"  branch="false" />
			<line number="108"  hits="1"  branch="false" />
			<line number="109"  hits="1"  branch="false" />
			<line number="110"  hits="1"  branch="false" />
			<line number="111"  hits="1"  branch="false" />
			<line number="112"  hits="1"  branch="false" />
			<line number="113"  hits="1"  branch="false" />
			<line number="114"  hits="1"  branch="false" />
			<line number="120"  hits="1"  branch="false" />
			<line number="121"  hits="1"  branch="false" />
			<line number="123"  hits="1"  branch="false" />
			<line number="124"  hits="1"  branch="false" />
			<line number="125"  hits="1"  branch="false" />
			<line number="126"  hits="1"  branch="false" />
			<line number="127"  hits="1"  branch="false" />
			<line number="128"  hits="1"  branch="false" />
			<line number="129"  hits="1"  branch="false" />
			<line number="135"  hits="1"  branch="false" />
			<line number="136"  hits="1"  branch="false" />
			<line number="138"  hits="1"  branch="false" />
			<line number="139"  hits="1"  branch="false" />
			<line number="140"  hits="1"  branch="false" />
			<line number="141"  hits="1"  branch="true"  condition-coverage="66.66666666666666% (2/3)" />
			<line number="142"  hits="1"  branch="false" />
			<line number="143"  hits="1"  branch="false" />
			<line number="144"  hits="1"  branch="false" />
			<line number="145"  hits="1"  branch="false" />
			<line number="146"  hits="1"  branch="false" />
		</lines>
		</class>
		<class name="PrptComponent.ext.js"  filename="src/test/javascript/cdf/components/PrptComponent.ext.js"  line-rate="1"  branch-rate="1" >
		<methods>
			<method name="(anonymous_1)"  hits="1"  signature="()V" >
				<lines><line number="15"  hits="1" /></lines>
			</method>
			<method name="(anonymous_2)"  hits="2"  signature="()V" >
				<lines><line number="19"  hits="2" /></lines>
			</method>
		</methods>
		<lines>
			<line number="14"  hits="1"  branch="false" />
			<line number="17"  hits="1"  branch="false" />
			<line number="20"  hits="2"  branch="false" />
			<line number="25"  hits="1"  branch="false" />
		</lines>
		</class>
		<class name="SchedulePrptComponent-spec.js"  filename="src/test/javascript/cdf/components/SchedulePrptComponent-spec.js"  line-rate="1"  branch-rate="1" >
		<methods>
			<method name="(anonymous_1)"  hits="1"  signature="()V" >
				<lines><line number="18"  hits="1" /></lines>
			</method>
			<method name="(anonymous_2)"  hits="1"  signature="()V" >
				<lines><line number="23"  hits="1" /></lines>
			</method>
			<method name="(anonymous_3)"  hits="1"  signature="()V" >
				<lines><line number="45"  hits="1" /></lines>
			</method>
			<method name="(anonymous_4)"  hits="1"  signature="()V" >
				<lines><line number="49"  hits="1" /></lines>
			</method>
			<method name="(anonymous_5)"  hits="1"  signature="()V" >
				<lines><line number="60"  hits="1" /></lines>
			</method>
			<method name="(anonymous_6)"  hits="6"  signature="()V" >
				<lines><line number="61"  hits="6" /></lines>
			</method>
			<method name="(anonymous_7)"  hits="1"  signature="()V" >
				<lines><line number="70"  hits="1" /></lines>
			</method>
		</methods>
		<lines>
			<line number="14"  hits="1"  branch="false" />
			<line number="23"  hits="1"  branch="false" />
			<line number="25"  hits="1"  branch="false" />
			<line number="27"  hits="1"  branch="false" />
			<line number="29"  hits="1"  branch="false" />
			<line number="36"  hits="1"  branch="false" />
			<line number="37"  hits="1"  branch="false" />
			<line number="38"  hits="1"  branch="false" />
			<line number="39"  hits="1"  branch="false" />
			<line number="40"  hits="1"  branch="false" />
			<line number="45"  hits="1"  branch="false" />
			<line number="46"  hits="1"  branch="false" />
			<line number="49"  hits="1"  branch="false" />
			<line number="50"  hits="1"  branch="false" />
			<line number="51"  hits="1"  branch="false" />
			<line number="54"  hits="1"  branch="false" />
			<line number="60"  hits="1"  branch="false" />
			<line number="61"  hits="1"  branch="false" />
			<line number="62"  hits="6"  branch="false" />
			<line number="64"  hits="1"  branch="false" />
			<line number="66"  hits="1"  branch="true"  condition-coverage="100% (2/2)" />
			<line number="68"  hits="1"  branch="false" />
			<line number="70"  hits="1"  branch="false" />
			<line number="71"  hits="1"  branch="false" />
			<line number="72"  hits="1"  branch="false" />
			<line number="73"  hits="7"  branch="false" />
			<line number="74"  hits="7"  branch="false" />
			<line number="75"  hits="7"  branch="false" />
			<line number="77"  hits="1"  branch="false" />
			<line number="78"  hits="1"  branch="false" />
			<line number="81"  hits="1"  branch="false" />
		</lines>
		</class>
		<class name="SchedulePrptComponent.ext.js"  filename="src/test/javascript/cdf/components/SchedulePrptComponent.ext.js"  line-rate="0.8"  branch-rate="1" >
		<methods>
			<method name="(anonymous_1)"  hits="1"  signature="()V" >
				<lines><line number="14"  hits="1" /></lines>
			</method>
			<method name="(anonymous_2)"  hits="0"  signature="()V" >
				<lines><line number="18"  hits="0" /></lines>
			</method>
			<method name="(anonymous_3)"  hits="1"  signature="()V" >
				<lines><line number="22"  hits="1" /></lines>
			</method>
		</methods>
		<lines>
			<line number="14"  hits="1"  branch="false" />
			<line number="16"  hits="1"  branch="false" />
			<line number="19"  hits="0"  branch="false" />
			<line number="23"  hits="1"  branch="false" />
			<line number="28"  hits="1"  branch="false" />
		</lines>
		</class>
		<class name="TableComponent-spec.js"  filename="src/test/javascript/cdf/components/TableComponent-spec.js"  line-rate="0.9545"  branch-rate="1" >
		<methods>
			<method name="(anonymous_1)"  hits="1"  signature="()V" >
				<lines><line number="18"  hits="1" /></lines>
			</method>
			<method name="(anonymous_2)"  hits="1"  signature="()V" >
				<lines><line number="23"  hits="1" /></lines>
			</method>
			<method name="(anonymous_3)"  hits="0"  signature="()V" >
				<lines><line number="32"  hits="0" /></lines>
			</method>
			<method name="(anonymous_4)"  hits="1"  signature="()V" >
				<lines><line number="60"  hits="1" /></lines>
			</method>
			<method name="(anonymous_5)"  hits="1"  signature="()V" >
				<lines><line number="64"  hits="1" /></lines>
			</method>
			<method name="(anonymous_6)"  hits="1"  signature="()V" >
				<lines><line number="71"  hits="1" /></lines>
			</method>
			<method name="(anonymous_7)"  hits="1"  signature="()V" >
				<lines><line number="74"  hits="1" /></lines>
			</method>
			<method name="(anonymous_8)"  hits="1"  signature="()V" >
				<lines><line number="79"  hits="1" /></lines>
			</method>
		</methods>
		<lines>
			<line number="14"  hits="1"  branch="false" />
			<line number="23"  hits="1"  branch="false" />
			<line number="24"  hits="1"  branch="false" />
			<line number="26"  hits="1"  branch="false" />
			<line number="28"  hits="1"  branch="false" />
			<line number="33"  hits="0"  branch="false" />
			<line number="39"  hits="1"  branch="false" />
			<line number="54"  hits="1"  branch="false" />
			<line number="58"  hits="1"  branch="false" />
			<line number="60"  hits="1"  branch="false" />
			<line number="61"  hits="1"  branch="false" />
			<line number="64"  hits="1"  branch="false" />
			<line number="65"  hits="1"  branch="false" />
			<line number="71"  hits="1"  branch="false" />
			<line number="72"  hits="1"  branch="false" />
			<line number="73"  hits="1"  branch="false" />
			<line number="74"  hits="1"  branch="false" />
			<line number="75"  hits="1"  branch="false" />
			<line number="79"  hits="1"  branch="false" />
			<line number="80"  hits="1"  branch="false" />
			<line number="81"  hits="1"  branch="false" />
			<line number="84"  hits="1"  branch="false" />
		</lines>
		</class>
		<class name="TrafficComponent-spec.js"  filename="src/test/javascript/cdf/components/TrafficComponent-spec.js"  line-rate="1"  branch-rate="1" >
		<methods>
			<method name="(anonymous_1)"  hits="1"  signature="()V" >
				<lines><line number="18"  hits="1" /></lines>
			</method>
			<method name="(anonymous_2)"  hits="1"  signature="()V" >
				<lines><line number="23"  hits="1" /></lines>
			</method>
			<method name="(anonymous_3)"  hits="3"  signature="()V" >
				<lines><line number="27"  hits="3" /></lines>
			</method>
			<method name="(anonymous_4)"  hits="1"  signature="()V" >
				<lines><line number="50"  hits="1" /></lines>
			</method>
			<method name="(anonymous_5)"  hits="1"  signature="()V" >
				<lines><line number="60"  hits="1" /></lines>
			</method>
			<method name="(anonymous_6)"  hits="1"  signature="()V" >
				<lines><line number="65"  hits="1" /></lines>
			</method>
			<method name="(anonymous_7)"  hits="1"  signature="()V" >
				<lines><line number="76"  hits="1" /></lines>
			</method>
			<method name="(anonymous_8)"  hits="1"  signature="()V" >
				<lines><line number="86"  hits="1" /></lines>
			</method>
			<method name="(anonymous_9)"  hits="1"  signature="()V" >
				<lines><line number="92"  hits="1" /></lines>
			</method>
			<method name="(anonymous_10)"  hits="1"  signature="()V" >
				<lines><line number="106"  hits="1" /></lines>
			</method>
			<method name="(anonymous_11)"  hits="1"  signature="()V" >
				<lines><line number="111"  hits="1" /></lines>
			</method>
			<method name="(anonymous_12)"  hits="1"  signature="()V" >
				<lines><line number="123"  hits="1" /></lines>
			</method>
			<method name="(anonymous_13)"  hits="1"  signature="()V" >
				<lines><line number="127"  hits="1" /></lines>
			</method>
			<method name="(anonymous_14)"  hits="1"  signature="()V" >
				<lines><line number="135"  hits="1" /></lines>
			</method>
		</methods>
		<lines>
			<line number="14"  hits="1"  branch="false" />
			<line number="23"  hits="1"  branch="false" />
			<line number="24"  hits="1"  branch="false" />
			<line number="25"  hits="1"  branch="false" />
			<line number="27"  hits="1"  branch="false" />
			<line number="28"  hits="3"  branch="false" />
			<line number="29"  hits="3"  branch="false" />
			<line number="30"  hits="3"  branch="false" />
			<line number="32"  hits="3"  branch="false" />
			<line number="50"  hits="1"  branch="false" />
			<line number="51"  hits="1"  branch="false" />
			<line number="55"  hits="1"  branch="false" />
			<line number="57"  hits="1"  branch="false" />
			<line number="58"  hits="1"  branch="false" />
			<line number="59"  hits="1"  branch="false" />
			<line number="60"  hits="1"  branch="false" />
			<line number="61"  hits="1"  branch="false" />
			<line number="65"  hits="1"  branch="false" />
			<line number="66"  hits="1"  branch="false" />
			<line number="67"  hits="1"  branch="false" />
			<line number="70"  hits="1"  branch="false" />
			<line number="76"  hits="1"  branch="false" />
			<line number="77"  hits="1"  branch="false" />
			<line number="81"  hits="1"  branch="false" />
			<line number="83"  hits="1"  branch="false" />
			<line number="84"  hits="1"  branch="false" />
			<line number="85"  hits="1"  branch="false" />
			<line number="86"  hits="1"  branch="false" />
			<line number="87"  hits="1"  branch="false" />
			<line number="89"  hits="1"  branch="false" />
			<line number="92"  hits="1"  branch="false" />
			<line number="93"  hits="1"  branch="false" />
			<line number="94"  hits="1"  branch="false" />
			<line number="95"  hits="1"  branch="false" />
			<line number="96"  hits="1"  branch="false" />
			<line number="97"  hits="1"  branch="false" />
			<line number="100"  hits="1"  branch="false" />
			<line number="106"  hits="1"  branch="false" />
			<line number="107"  hits="1"  branch="false" />
			<line number="112"  hits="1"  branch="false" />
			<line number="117"  hits="1"  branch="false" />
			<line number="119"  hits="1"  branch="false" />
			<line number="120"  hits="1"  branch="false" />
			<line number="121"  hits="1"  branch="false" />
			<line number="122"  hits="1"  branch="false" />
			<line number="123"  hits="1"  branch="false" />
			<line number="124"  hits="1"  branch="false" />
			<line number="126"  hits="1"  branch="false" />
			<line number="127"  hits="1"  branch="false" />
			<line number="129"  hits="1"  branch="false" />
			<line number="130"  hits="1"  branch="false" />
			<line number="132"  hits="1"  branch="false" />
			<line number="135"  hits="1"  branch="false" />
			<line number="136"  hits="1"  branch="false" />
			<line number="137"  hits="1"  branch="false" />
			<line number="138"  hits="1"  branch="false" />
			<line number="139"  hits="1"  branch="false" />
			<line number="140"  hits="1"  branch="false" />
			<line number="141"  hits="1"  branch="false" />
			<line number="144"  hits="1"  branch="false" />
		</lines>
		</class>
		<class name="VisualizationAPIComponent-spec.js"  filename="src/test/javascript/cdf/components/VisualizationAPIComponent-spec.js"  line-rate="1"  branch-rate="1" >
		<methods>
			<method name="(anonymous_1)"  hits="1"  signature="()V" >
				<lines><line number="19"  hits="1" /></lines>
			</method>
			<method name="(anonymous_2)"  hits="1"  signature="()V" >
				<lines><line number="24"  hits="1" /></lines>
			</method>
			<method name="(anonymous_3)"  hits="1"  signature="()V" >
				<lines><line number="55"  hits="1" /></lines>
			</method>
			<method name="(anonymous_4)"  hits="1"  signature="()V" >
				<lines><line number="59"  hits="1" /></lines>
			</method>
			<method name="(anonymous_5)"  hits="1"  signature="()V" >
				<lines><line number="70"  hits="1" /></lines>
			</method>
			<method name="(anonymous_6)"  hits="1"  signature="()V" >
				<lines><line number="74"  hits="1" /></lines>
			</method>
			<method name="(anonymous_7)"  hits="1"  signature="()V" >
				<lines><line number="80"  hits="1" /></lines>
			</method>
			<method name="(anonymous_8)"  hits="1"  signature="()V" >
				<lines><line number="94"  hits="1" /></lines>
			</method>
			<method name="(anonymous_9)"  hits="1"  signature="()V" >
				<lines><line number="97"  hits="1" /></lines>
			</method>
			<method name="(anonymous_10)"  hits="1"  signature="()V" >
				<lines><line number="104"  hits="1" /></lines>
			</method>
		</methods>
		<lines>
			<line number="14"  hits="1"  branch="false" />
			<line number="24"  hits="1"  branch="false" />
			<line number="26"  hits="1"  branch="false" />
			<line number="28"  hits="1"  branch="false" />
			<line number="30"  hits="1"  branch="false" />
			<line number="35"  hits="1"  branch="false" />
			<line number="37"  hits="1"  branch="false" />
			<line number="50"  hits="1"  branch="false" />
			<line number="55"  hits="1"  branch="false" />
			<line number="56"  hits="1"  branch="false" />
			<line number="59"  hits="1"  branch="false" />
			<line number="60"  hits="1"  branch="false" />
			<line number="61"  hits="1"  branch="false" />
			<line number="64"  hits="1"  branch="false" />
			<line number="70"  hits="1"  branch="false" />
			<line number="71"  hits="1"  branch="false" />
			<line number="72"  hits="1"  branch="false" />
			<line number="73"  hits="1"  branch="false" />
			<line number="74"  hits="1"  branch="false" />
			<line number="75"  hits="1"  branch="false" />
			<line number="77"  hits="1"  branch="false" />
			<line number="80"  hits="1"  branch="false" />
			<line number="81"  hits="1"  branch="false" />
			<line number="82"  hits="1"  branch="false" />
			<line number="83"  hits="1"  branch="false" />
			<line number="84"  hits="1"  branch="false" />
			<line number="85"  hits="1"  branch="false" />
			<line number="88"  hits="1"  branch="false" />
			<line number="94"  hits="1"  branch="false" />
			<line number="95"  hits="1"  branch="false" />
			<line number="96"  hits="1"  branch="false" />
			<line number="97"  hits="1"  branch="false" />
			<line number="98"  hits="1"  branch="false" />
			<line number="100"  hits="1"  branch="false" />
			<line number="101"  hits="1"  branch="false" />
			<line number="104"  hits="1"  branch="false" />
			<line number="105"  hits="1"  branch="false" />
			<line number="106"  hits="1"  branch="false" />
			<line number="107"  hits="1"  branch="false" />
			<line number="108"  hits="1"  branch="false" />
			<line number="110"  hits="1"  branch="false" />
			<line number="113"  hits="1"  branch="false" />
		</lines>
		</class>
		<class name="XactionComponent-spec.js"  filename="src/test/javascript/cdf/components/XactionComponent-spec.js"  line-rate="1"  branch-rate="1" >
		<methods>
			<method name="(anonymous_1)"  hits="1"  signature="()V" >
				<lines><line number="18"  hits="1" /></lines>
			</method>
			<method name="(anonymous_2)"  hits="1"  signature="()V" >
				<lines><line number="23"  hits="1" /></lines>
			</method>
			<method name="(anonymous_3)"  hits="1"  signature="()V" >
				<lines><line number="45"  hits="1" /></lines>
			</method>
			<method name="(anonymous_4)"  hits="1"  signature="()V" >
				<lines><line number="47"  hits="1" /></lines>
			</method>
			<method name="(anonymous_5)"  hits="1"  signature="()V" >
				<lines><line number="52"  hits="1" /></lines>
			</method>
		</methods>
		<lines>
			<line number="14"  hits="1"  branch="false" />
			<line number="23"  hits="1"  branch="false" />
			<line number="25"  hits="1"  branch="false" />
			<line number="27"  hits="1"  branch="false" />
			<line number="29"  hits="1"  branch="false" />
			<line number="40"  hits="1"  branch="false" />
			<line number="45"  hits="1"  branch="false" />
			<line number="46"  hits="1"  branch="false" />
			<line number="47"  hits="1"  branch="false" />
			<line number="48"  hits="1"  branch="false" />
			<line number="52"  hits="1"  branch="false" />
			<line number="53"  hits="1"  branch="false" />
			<line number="54"  hits="1"  branch="false" />
			<line number="57"  hits="1"  branch="false" />
		</lines>
		</class>
		<class name="XactionComponent.ext.js"  filename="src/test/javascript/cdf/components/XactionComponent.ext.js"  line-rate="1"  branch-rate="1" >
		<methods>
			<method name="(anonymous_1)"  hits="1"  signature="()V" >
				<lines><line number="14"  hits="1" /></lines>
			</method>
			<method name="(anonymous_2)"  hits="1"  signature="()V" >
				<lines><line number="18"  hits="1" /></lines>
			</method>
		</methods>
		<lines>
			<line number="14"  hits="1"  branch="false" />
			<line number="16"  hits="1"  branch="false" />
			<line number="19"  hits="1"  branch="false" />
			<line number="24"  hits="1"  branch="false" />
		</lines>
		</class>
	</classes>
	</package>
	<package name="dashboard"  line-rate="0.5294"  branch-rate="1" >
	<classes>
		<class name="Dashboard.context.ext.js"  filename="src/test/javascript/cdf/dashboard/Dashboard.context.ext.js"  line-rate="0.75"  branch-rate="1" >
		<methods>
			<method name="(anonymous_1)"  hits="1"  signature="()V" >
				<lines><line number="15"  hits="1" /></lines>
			</method>
			<method name="(anonymous_2)"  hits="0"  signature="()V" >
				<lines><line number="18"  hits="0" /></lines>
			</method>
		</methods>
		<lines>
			<line number="14"  hits="1"  branch="false" />
			<line number="17"  hits="1"  branch="false" />
			<line number="19"  hits="0"  branch="false" />
			<line number="23"  hits="1"  branch="false" />
		</lines>
		</class>
		<class name="Dashboard.ext.js"  filename="src/test/javascript/cdf/dashboard/Dashboard.ext.js"  line-rate="0.3529"  branch-rate="1" >
		<methods>
			<method name="(anonymous_1)"  hits="1"  signature="()V" >
				<lines><line number="14"  hits="1" /></lines>
			</method>
			<method name="(anonymous_2)"  hits="0"  signature="()V" >
				<lines><line number="19"  hits="0" /></lines>
			</method>
			<method name="(anonymous_3)"  hits="0"  signature="()V" >
				<lines><line number="23"  hits="0" /></lines>
			</method>
			<method name="(anonymous_4)"  hits="0"  signature="()V" >
				<lines><line number="27"  hits="0" /></lines>
			</method>
			<method name="(anonymous_5)"  hits="0"  signature="()V" >
				<lines><line number="31"  hits="0" /></lines>
			</method>
			<method name="(anonymous_6)"  hits="0"  signature="()V" >
				<lines><line number="35"  hits="0" /></lines>
			</method>
			<method name="(anonymous_7)"  hits="0"  signature="()V" >
				<lines><line number="39"  hits="0" /></lines>
			</method>
			<method name="(anonymous_8)"  hits="0"  signature="()V" >
				<lines><line number="43"  hits="0" /></lines>
			</method>
			<method name="(anonymous_9)"  hits="5"  signature="()V" >
				<lines><line number="47"  hits="5" /></lines>
			</method>
			<method name="(anonymous_10)"  hits="16"  signature="()V" >
				<lines><line number="51"  hits="16" /></lines>
			</method>
			<method name="(anonymous_11)"  hits="0"  signature="()V" >
				<lines><line number="55"  hits="0" /></lines>
			</method>
			<method name="(anonymous_12)"  hits="0"  signature="()V" >
				<lines><line number="59"  hits="0" /></lines>
			</method>
			<method name="(anonymous_13)"  hits="0"  signature="()V" >
				<lines><line number="63"  hits="0" /></lines>
			</method>
			<method name="(anonymous_14)"  hits="3"  signature="()V" >
				<lines><line number="67"  hits="3" /></lines>
			</method>
			<method name="(anonymous_15)"  hits="0"  signature="()V" >
				<lines><line number="71"  hits="0" /></lines>
			</method>
		</methods>
		<lines>
			<line number="14"  hits="1"  branch="false" />
			<line number="15"  hits="1"  branch="false" />
			<line number="20"  hits="0"  branch="false" />
			<line number="24"  hits="0"  branch="false" />
			<line number="28"  hits="0"  branch="false" />
			<line number="32"  hits="0"  branch="false" />
			<line number="36"  hits="0"  branch="false" />
			<line number="40"  hits="0"  branch="false" />
			<line number="44"  hits="0"  branch="false" />
			<line number="48"  hits="5"  branch="false" />
			<line number="52"  hits="16"  branch="false" />
			<line number="56"  hits="0"  branch="false" />
			<line number="60"  hits="0"  branch="false" />
			<line number="64"  hits="0"  branch="false" />
			<line number="68"  hits="3"  branch="false" />
			<line number="72"  hits="0"  branch="false" />
			<line number="76"  hits="1"  branch="false" />
		</lines>
		</class>
		<class name="Dashboard.notifications.ext.js"  filename="src/test/javascript/cdf/dashboard/Dashboard.notifications.ext.js"  line-rate="0.75"  branch-rate="1" >
		<methods>
			<method name="(anonymous_1)"  hits="1"  signature="()V" >
				<lines><line number="14"  hits="1" /></lines>
			</method>
			<method name="(anonymous_2)"  hits="0"  signature="()V" >
				<lines><line number="17"  hits="0" /></lines>
			</method>
		</methods>
		<lines>
			<line number="14"  hits="1"  branch="false" />
			<line number="16"  hits="1"  branch="false" />
			<line number="18"  hits="0"  branch="false" />
			<line number="22"  hits="1"  branch="false" />
		</lines>
		</class>
		<class name="Dashboard.storage.ext.js"  filename="src/test/javascript/cdf/dashboard/Dashboard.storage.ext.js"  line-rate="0.75"  branch-rate="1" >
		<methods>
			<method name="(anonymous_1)"  hits="1"  signature="()V" >
				<lines><line number="15"  hits="1" /></lines>
			</method>
			<method name="(anonymous_2)"  hits="0"  signature="()V" >
				<lines><line number="18"  hits="0" /></lines>
			</method>
		</methods>
		<lines>
			<line number="14"  hits="1"  branch="false" />
			<line number="17"  hits="1"  branch="false" />
			<line number="19"  hits="0"  branch="false" />
			<line number="23"  hits="1"  branch="false" />
		</lines>
		</class>
		<class name="Dashboard.views.ext.js"  filename="src/test/javascript/cdf/dashboard/Dashboard.views.ext.js"  line-rate="0.6"  branch-rate="1" >
		<methods>
			<method name="(anonymous_1)"  hits="1"  signature="()V" >
				<lines><line number="15"  hits="1" /></lines>
			</method>
			<method name="(anonymous_2)"  hits="0"  signature="()V" >
				<lines><line number="18"  hits="0" /></lines>
			</method>
			<method name="(anonymous_3)"  hits="0"  signature="()V" >
				<lines><line number="22"  hits="0" /></lines>
			</method>
		</methods>
		<lines>
			<line number="14"  hits="1"  branch="false" />
			<line number="17"  hits="1"  branch="false" />
			<line number="19"  hits="0"  branch="false" />
			<line number="23"  hits="0"  branch="false" />
			<line number="27"  hits="1"  branch="false" />
		</lines>
		</class>
	</classes>
	</package>
	<package name="mocks.common-ui.vizapi"  line-rate="1"  branch-rate="0.5" >
	<classes>
		<class name="Wrapper.js"  filename="src/test/javascript/cdf/mocks/common-ui/vizapi/Wrapper.js"  line-rate="1"  branch-rate="0.5" >
		<methods>
			<method name="(anonymous_1)"  hits="1"  signature="()V" >
				<lines><line number="14"  hits="1" /></lines>
			</method>
			<method name="VisualWrapper"  hits="3"  signature="()V" >
				<lines><line number="15"  hits="3" /></lines>
			</method>
			<method name="(anonymous_3)"  hits="3"  signature="()V" >
				<lines><line number="19"  hits="3" /></lines>
			</method>
			<method name="(anonymous_4)"  hits="3"  signature="()V" >
				<lines><line number="22"  hits="3" /></lines>
			</method>
			<method name="(anonymous_5)"  hits="3"  signature="()V" >
				<lines><line number="28"  hits="3" /></lines>
			</method>
		</methods>
		<lines>
			<line number="14"  hits="1"  branch="false" />
			<line number="15"  hits="1"  branch="false" />
			<line number="16"  hits="3"  branch="true"  condition-coverage="50% (1/2)" />
			<line number="19"  hits="1"  branch="false" />
			<line number="20"  hits="3"  branch="false" />
			<line number="22"  hits="3"  branch="false" />
			<line number="23"  hits="3"  branch="false" />
			<line number="24"  hits="3"  branch="true"  condition-coverage="50% (1/2)" />
			<line number="27"  hits="3"  branch="false" />
			<line number="29"  hits="3"  branch="false" />
			<line number="31"  hits="3"  branch="true"  condition-coverage="50% (2/4)" />
			<line number="36"  hits="1"  branch="false" />
		</lines>
		</class>
	</classes>
	</package>
	<package name="queries"  line-rate="0.8"  branch-rate="1" >
	<classes>
		<class name="CdaQuery.ext.js"  filename="src/test/javascript/cdf/queries/CdaQuery.ext.js"  line-rate="0.8"  branch-rate="1" >
		<methods>
			<method name="(anonymous_1)"  hits="1"  signature="()V" >
				<lines><line number="14"  hits="1" /></lines>
			</method>
			<method name="(anonymous_2)"  hits="1"  signature="()V" >
				<lines><line number="17"  hits="1" /></lines>
			</method>
			<method name="(anonymous_3)"  hits="0"  signature="()V" >
				<lines><line number="21"  hits="0" /></lines>
			</method>
		</methods>
		<lines>
			<line number="14"  hits="1"  branch="false" />
			<line number="16"  hits="1"  branch="false" />
			<line number="18"  hits="1"  branch="false" />
			<line number="22"  hits="0"  branch="false" />
			<line number="26"  hits="1"  branch="false" />
		</lines>
		</class>
	</classes>
	</package>
</packages>
</coverage>
